2026-03-06 16:02:14,181 INFO ACE-MCTS-Def Request: PBN=N:K87.AKQ94.72.K82 QT54.8.KJ843.T94 ... ... Contract=5DS Player=2 Played=['C6', 'C8'] Constraints=[Decl:[1, 6, 2, 7, 0, 1, 1, 6, 1, 11] Partner:[0, 5, 0, 5, 5, 6, 0, 5, 8, 18]] Depth=2 Confidence=0.0 Exploration=0.6
2026-03-06 16:02:15,832 INFO ACE-MCTS-Def Response: C9:1.0007(65) CT:1.0006(70) C9:1.0006(70) C4:1.0006(65) Iterations=921 Passed=200 Depth=2 Relaxation=1 Time=1.7s
2026-03-06 16:02:25,092 INFO ACE-MCTS-Def Request: PBN=N:K87.AKQ94.72.K82 ... ... AJ96.T765.5.J765 Contract=5DS Player=0 Played=['C6', 'C8', 'C9', 'CQ', 'H3'] Constraints=[Decl:[1, 6, 0, 2, 5, 5, 0, 4, 1, 10] Partner:[0, 5, 0, 3, 5, 5, 0, 4, 7, 16]] Depth=2 Confidence=0.0 Exploration=0.6
2026-03-06 16:02:27,300 INFO ACE-MCTS-Def Response: H6:1.0004(31) HT:1.0004(30) H5:1.0004(31) H6:1.0004(30) H7:1.0004(30) H5:1.0004(30) Iterations=1336 Passed=122 Depth=2 Relaxation=1 Time=2.2s
2026-03-06 16:02:39,465 INFO ACE-MCTS-Def Request: PBN=N:K87.AKQ94.72.K82 QT54.8.KJ843.T94 ... ... Contract=5DS Player=2 Played=['C6', 'C8', 'C9', 'CQ', 'H3', 'H6', 'HA', 'H8', 'D2'] Constraints=[Decl:[1, 6, 1, 5, 1, 1, 0, 5, 0, 9] Partner:[0, 5, 0, 4, 5, 5, 0, 5, 8, 18]] Depth=2 Confidence=0.0 Exploration=0.6
2026-03-06 16:02:40,440 INFO ACE-MCTS-Def Response: DK:1.0006(38) D4:1.0006(40) D3:1.0006(40) D8:1.0006(45) DJ:1.0006(41) D3:1.0006(36) Iterations=909 Passed=200 Depth=2 Relaxation=1 Time=1.0s
2026-03-06 16:02:52,694 INFO ACE-MCTS-Def Request: PBN=N:K87.AKQ94.72.K82 ... ... AJ96.T765.5.J765 Contract=5DS Player=0 Played=['C6', 'C8', 'C9', 'CQ', 'H3', 'H6', 'HA', 'H8', 'D2', 'D3', 'DA', 'D5', 'C3'] Constraints=[Decl:[1, 6, 0, 2, 5, 5, 0, 3, 0, 6] Partner:[0, 5, 0, 2, 5, 5, 0, 3, 7, 16]] Depth=2 Confidence=0.0 Exploration=0.6
2026-03-06 16:02:53,681 INFO ACE-MCTS-Def Response: C5:1.0005(61) C7:1.0005(61) C5:1.0005(61) CJ:1.0005(78) Iterations=1459 Passed=200 Depth=2 Relaxation=1 Time=1.0s
2026-03-06 16:03:00,657 INFO ACE-MCTS-Def Request: PBN=N:K87.AKQ94.72.K82 QT54.8.KJ843.T94 ... ... Contract=5DS Player=2 Played=['C6', 'C8', 'C9', 'CQ', 'H3', 'H6', 'HA', 'H8', 'D2', 'D3', 'DA', 'D5', 'C3', 'C5', 'CK'] Constraints=[Decl:[1, 6, 1, 5, 1, 2, 0, 3, 0, 5] Partner:[0, 5, 0, 4, 4, 4, 0, 3, 8, 18]] Depth=2 Confidence=0.0 Exploration=0.6
2026-03-06 16:03:01,301 INFO ACE-MCTS-Def Response: CT:1.0006(99) C4:1.0006(101) Iterations=709 Passed=200 Depth=2 Relaxation=2 Time=0.6s
2026-03-06 16:03:08,230 INFO ACE-MCTS-Def Request: PBN=N:K87.AKQ94.72.K82 QT54.8.KJ843.T94 ... ... Contract=5DS Player=2 Played=['C6', 'C8', 'C9', 'CQ', 'H3', 'H6', 'HA', 'H8', 'D2', 'D3', 'DA', 'D5', 'C3', 'C5', 'CK', 'C4', 'D7'] Constraints=[Decl:[1, 6, 1, 5, 1, 2, 0, 3, 0, 5] Partner:[0, 5, 0, 4, 4, 4, 0, 3, 8, 18]] Depth=2 Confidence=0.0 Exploration=0.6
2026-03-06 16:03:08,780 INFO ACE-MCTS-Def Response: DK:1.0006(52) D4:1.0006(52) D8:1.0006(52) DJ:1.0005(44) Iterations=648 Passed=200 Depth=2 Relaxation=2 Time=0.6s
2026-03-06 16:03:14,351 INFO ACE-MCTS-Def Request: PBN=N:K87.AKQ94.72.K82 ... ... AJ96.T765.5.J765 Contract=5DS Player=0 Played=['C6', 'C8', 'C9', 'CQ', 'H3', 'H6', 'HA', 'H8', 'D2', 'D3', 'DA', 'D5', 'C3', 'C5', 'CK', 'C4', 'D7', 'D4', 'DQ'] Constraints=[Decl:[1, 6, 0, 2, 4, 5, 0, 2, 0, 4] Partner:[0, 5, 0, 2, 5, 6, 0, 2, 7, 16]] Depth=2 Confidence=0.0 Exploration=0.6
2026-03-06 16:03:14,964 INFO ACE-MCTS-Def Response: C7:1.0004(30) HT:0.9630(27) CJ:0.9583(24) SA:0.9565(23) H5:0.9565(23) H7:0.9565(23) H5:0.9091(22) SJ:0.9091(22) S6:0.9375(16) S9:0.7692(13) Iterations=1481 Passed=200 Depth=2 Relaxation=2 Time=0.6s
2026-03-06 16:03:17,418 INFO ACE-MCTS-Def Request: PBN=N:K87.AKQ94.72.K82 ... ... AJ96.T765.5.J765 Contract=5DS Player=0 Played=['C6', 'C8', 'C9', 'CQ', 'H3', 'H6', 'HA', 'H8', 'D2', 'D3', 'DA', 'D5', 'C3', 'C5', 'CK', 'C4', 'D7', 'D4', 'DQ', 'C7', 'HJ'] Constraints=[Decl:[1, 6, 0, 1, 4, 5, 0, 2, 0, 3] Partner:[0, 5, 0, 1, 5, 6, 0, 2, 7, 16]] Depth=2 Confidence=0.0 Exploration=0.6
2026-03-06 16:03:17,963 INFO ACE-MCTS-Def Response: H5:0.9894(94) H7:0.9894(94) HT:0.9697(66) H5:0.8750(40) Iterations=800 Passed=200 Depth=2 Relaxation=3 Time=0.5s
2026-03-06 16:03:19,079 INFO ACE-MCTS-Def Request: PBN=N:K87.AKQ94.72.K82 QT54.8.KJ843.T94 ... ... Contract=5DS Player=2 Played=['C6', 'C8', 'C9', 'CQ', 'H3', 'H6', 'HA', 'H8', 'D2', 'D3', 'DA', 'D5', 'C3', 'C5', 'CK', 'C4', 'D7', 'D4', 'DQ', 'C7', 'HJ', 'H7', 'H4'] Constraints=[Decl:[1, 6, 0, 3, 1, 1, 0, 2, 0, 2] Partner:[0, 5, 0, 3, 0, 0, 0, 2, 8, 18]] Depth=2 Confidence=0.0 Exploration=0.6
2026-03-06 16:03:19,580 INFO ACE-MCTS-Def Response: ST:1.0003(25) S4:1.0003(29) CT:1.0003(26) S4:1.0003(29) S5:1.0003(29) D8:1.0003(30) SQ:1.0003(28) DJ:0.8824(17) DJ:0.8750(16) DK:0.8750(16) Iterations=378 Passed=200 Depth=2 Relaxation=4 Time=0.5s
2026-03-06 16:03:20,162 INFO ACE-MCTS-Def Request: PBN=N:K87.AKQ94.72.K82 QT54.8.KJ843.T94 ... ... Contract=5DS Player=2 Played=['C6', 'C8', 'C9', 'CQ', 'H3', 'H6', 'HA', 'H8', 'D2', 'D3', 'DA', 'D5', 'C3', 'C5', 'CK', 'C4', 'D7', 'D4', 'DQ', 'C7', 'HJ', 'H7', 'H4', 'D8'] Constraints=[Decl:[1, 6, 0, 3, 1, 1, 0, 2, 0, 2] Partner:[0, 5, 0, 3, 0, 0, 0, 2, 8, 18]] Depth=2 Confidence=0.0 Exploration=0.6
2026-03-06 16:03:20,643 INFO ACE-MCTS-Def Response: S4:1.0003(31) ST:1.0003(28) S5:1.0003(27) S4:1.0003(27) CT:1.0003(28) SQ:1.0003(28) DK:1.0003(27) DJ:1.0003(27) DJ:1.0003(31) Iterations=389 Passed=200 Depth=1 Relaxation=4 Time=0.5s
2026-03-06 16:03:22,169 INFO ACE-MCTS-Def Request: PBN=N:K87.AKQ94.72.K82 ... ... AJ96.T765.5.J765 Contract=5DS Player=0 Played=['C6', 'C8', 'C9', 'CQ', 'H3', 'H6', 'HA', 'H8', 'D2', 'D3', 'DA', 'D5', 'C3', 'C5', 'CK', 'C4', 'D7', 'D4', 'DQ', 'C7', 'HJ', 'H7', 'H4', 'D8', 'CT', 'CA', 'CJ', 'C2', 'DT'] Constraints=[Decl:[1, 6, 0, 0, 4, 4, 0, 0, 0, 0] Partner:[0, 5, 0, 0, 4, 4, 0, 0, 7, 16]] Depth=2 Confidence=0.0 Exploration=0.6
2026-03-06 16:03:22,591 INFO ACE-MCTS-Def Response: SJ:1.0004(38) S6:1.0004(31) H5:1.0004(36) HT:1.0004(37) S9:1.0004(44) SA:0.8571(14) Iterations=545 Passed=200 Depth=2 Relaxation=5 Time=0.4s
2026-03-06 16:03:23,301 INFO ACE-MCTS-Def Request: PBN=N:K87.AKQ94.72.K82 QT54.8.KJ843.T94 ... ... Contract=5DS Player=2 Played=['C6', 'C8', 'C9', 'CQ', 'H3', 'H6', 'HA', 'H8', 'D2', 'D3', 'DA', 'D5', 'C3', 'C5', 'CK', 'C4', 'D7', 'D4', 'DQ', 'C7', 'HJ', 'H7', 'H4', 'D8', 'CT', 'CA', 'CJ', 'C2', 'DT', 'S6', 'H9'] Constraints=[Decl:[1, 5, 0, 3, 1, 1, 0, 0, 0, 0] Partner:[0, 4, 0, 3, 0, 0, 0, 0, 7, 17]] Depth=2 Confidence=0.0 Exploration=0.6
2026-03-06 16:03:23,774 INFO ACE-MCTS-Def Response: DJ:1.0003(107) DK:1.0003(93) DJ:1.0003(93) Iterations=515 Passed=200 Depth=2 Relaxation=5 Time=0.5s
2026-03-06 16:03:24,292 INFO ACE-MCTS-Def Request: PBN=N:K87.AKQ94.72.K82 QT54.8.KJ843.T94 ... ... Contract=5DS Player=2 Played=['C6', 'C8', 'C9', 'CQ', 'H3', 'H6', 'HA', 'H8', 'D2', 'D3', 'DA', 'D5', 'C3', 'C5', 'CK', 'C4', 'D7', 'D4', 'DQ', 'C7', 'HJ', 'H7', 'H4', 'D8', 'CT', 'CA', 'CJ', 'C2', 'DT', 'S6', 'H9', 'DJ'] Constraints=[Decl:[1, 5, 0, 3, 1, 1, 0, 0, 0, 0] Partner:[0, 4, 0, 3, 0, 0, 0, 0, 7, 17]] Depth=2 Confidence=0.0 Exploration=0.6
2026-03-06 16:03:24,642 INFO ACE-MCTS-Def Response: DK:1.0003(48) ST:1.0003(44) S4:1.0003(39) S4:1.0003(39) S5:1.0003(39) SQ:1.0003(30) Iterations=510 Passed=200 Depth=1 Relaxation=5 Time=0.3s
2026-03-06 16:03:24,856 INFO ACE-MCTS-Def Request: PBN=N:K87.AKQ94.72.K82 ... ... AJ96.T765.5.J765 Contract=5DS Player=0 Played=['C6', 'C8', 'C9', 'CQ', 'H3', 'H6', 'HA', 'H8', 'D2', 'D3', 'DA', 'D5', 'C3', 'C5', 'CK', 'C4', 'D7', 'D4', 'DQ', 'C7', 'HJ', 'H7', 'H4', 'D8', 'CT', 'CA', 'CJ', 'C2', 'DT', 'S6', 'H9', 'DJ', 'S5', 'S3'] Constraints=[Decl:[0, 4, 0, 0, 3, 3, 0, 0, 0, 0] Partner:[0, 4, 0, 0, 3, 3, 0, 0, 6, 15]] Depth=2 Confidence=0.0 Exploration=0.6
2026-03-06 16:03:25,234 INFO ACE-MCTS-Def Response: S9:1.0005(61) SJ:1.0004(55) SA:1.0004(84) Iterations=492 Passed=200 Depth=2 Relaxation=5 Time=0.4s
2026-03-06 16:03:26,279 INFO ACE-MCTS-Def Request: PBN=N:K87.AKQ94.72.K82 ... ... AJ96.T765.5.J765 Contract=5DS Player=0 Played=['C6', 'C8', 'C9', 'CQ', 'H3', 'H6', 'HA', 'H8', 'D2', 'D3', 'DA', 'D5', 'C3', 'C5', 'CK', 'C4', 'D7', 'D4', 'DQ', 'C7', 'HJ', 'H7', 'H4', 'D8', 'CT', 'CA', 'CJ', 'C2', 'DT', 'S6', 'H9', 'DJ', 'S5', 'S3', 'SA', 'S8'] Constraints=[Decl:[0, 4, 0, 0, 3, 3, 0, 0, 0, 0] Partner:[0, 4, 0, 0, 3, 3, 0, 0, 6, 15]] Depth=2 Confidence=0.0 Exploration=0.6
2026-03-06 16:03:26,538 INFO ACE-MCTS-Def Response: SJ:1.0004(60) S9:1.0004(52) H5:1.0004(52) HT:1.0004(36) H5:1.0004(36) Iterations=497 Passed=200 Depth=1 Relaxation=5 Time=0.3s
2026-03-06 16:03:26,807 INFO ACE-MCTS-Def Request: PBN=N:K87.AKQ94.72.K82 QT54.8.KJ843.T94 ... ... Contract=5DS Player=2 Played=['C6', 'C8', 'C9', 'CQ', 'H3', 'H6', 'HA', 'H8', 'D2', 'D3', 'DA', 'D5', 'C3', 'C5', 'CK', 'C4', 'D7', 'D4', 'DQ', 'C7', 'HJ', 'H7', 'H4', 'D8', 'CT', 'CA', 'CJ', 'C2', 'DT', 'S6', 'H9', 'DJ', 'S5', 'S3', 'SA', 'S8', 'H5', 'HQ'] Constraints=[Decl:[0, 3, 0, 2, 1, 1, 0, 0, 0, 0] Partner:[0, 3, 0, 2, 0, 0, 0, 0, 3, 13]] Depth=2 Confidence=0.0 Exploration=0.6
2026-03-06 16:03:27,045 INFO ACE-MCTS-Def Response: ST:1.0003(55) S4:1.0003(54) DK:1.0003(53) SQ:1.0003(38) Iterations=400 Passed=200 Depth=2 Relaxation=5 Time=0.2s
2026-03-06 16:03:27,723 INFO ACE-MCTS-Def Request: PBN=N:K87.AKQ94.72.K82 QT54.8.KJ843.T94 ... ... Contract=5DS Player=2 Played=['C6', 'C8', 'C9', 'CQ', 'H3', 'H6', 'HA', 'H8', 'D2', 'D3', 'DA', 'D5', 'C3', 'C5', 'CK', 'C4', 'D7', 'D4', 'DQ', 'C7', 'HJ', 'H7', 'H4', 'D8', 'CT', 'CA', 'CJ', 'C2', 'DT', 'S6', 'H9', 'DJ', 'S5', 'S3', 'SA', 'S8', 'H5', 'HQ', 'DK', 'H2'] Constraints=[Decl:[1, 3, 0, 1, 1, 1, 0, 0, 0, 0] Partner:[0, 1, 0, 1, 0, 0, 0, 0, 3, 13]] Depth=2 Confidence=0.0 Exploration=0.6
2026-03-06 16:03:27,984 INFO ACE-MCTS-Def Response: SQ:1.0003(83) S4:1.0003(68) ST:1.0003(49) Iterations=401 Passed=200 Depth=1 Relaxation=5 Time=0.3s
2026-03-06 16:03:28,232 INFO ACE-MCTS-Def Request: PBN=N:K87.AKQ94.72.K82 ... ... AJ96.T765.5.J765 Contract=5DS Player=0 Played=['C6', 'C8', 'C9', 'CQ', 'H3', 'H6', 'HA', 'H8', 'D2', 'D3', 'DA', 'D5', 'C3', 'C5', 'CK', 'C4', 'D7', 'D4', 'DQ', 'C7', 'HJ', 'H7', 'H4', 'D8', 'CT', 'CA', 'CJ', 'C2', 'DT', 'S6', 'H9', 'DJ', 'S5', 'S3', 'SA', 'S8', 'H5', 'HQ', 'DK', 'H2', 'S4', 'S2'] Constraints=[Decl:[0, 2, 0, -1, 2, 2, 0, 0, 0, 0] Partner:[0, 2, 0, 0, 2, 2, 0, 0, 3, 12]] Depth=2 Confidence=0.0 Exploration=0.6
2026-03-06 16:03:28,467 INFO ACE-MCTS-Def Response: S9:1.0004(129) SJ:1.0004(71) Iterations=401 Passed=200 Depth=2 Relaxation=5 Time=0.2s
2026-03-06 16:03:29,640 INFO ACE-MCTS-Def Request: PBN=N:K87.AKQ94.72.K82 QT54.8.KJ843.T94 ... ... Contract=5DS Player=2 Played=['C6', 'C8', 'C9', 'CQ', 'H3', 'H6', 'HA', 'H8', 'D2', 'D3', 'DA', 'D5', 'C3', 'C5', 'CK', 'C4', 'D7', 'D4', 'DQ', 'C7', 'HJ', 'H7', 'H4', 'D8', 'CT', 'CA', 'CJ', 'C2', 'DT', 'S6', 'H9', 'DJ', 'S5', 'S3', 'SA', 'S8', 'H5', 'HQ', 'DK', 'H2', 'S4', 'S2', 'S9', 'SK', 'S7'] Constraints=[Decl:[0, 1, 0, 1, 1, 1, 0, 0, 0, 0] Partner:[0, 0, 0, 1, 0, 0, 0, 0, 3, 13]] Depth=2 Confidence=0.0 Exploration=0.6
2026-03-06 16:03:29,837 INFO ACE-MCTS-Def Response: ST:1.0003(121) SQ:1.0003(79) Iterations=400 Passed=200 Depth=2 Relaxation=5 Time=0.2s
2026-03-06 16:03:44,093 INFO ACE-MCTS Request: PBN=N:K87.AKQ94.72.K82 ... 32.J32.AQT96.AQ3 ... Contract=5DW Played=['C6'] Constraints=[RHO:[0, 7, 0, 5, 1, 6, 0, 6, 0, 14] LHO:[1, 8, 0, 5, 0, 5, 0, 6, 0, 15]] Depth=2 Confidence=0.0 Exploration=0.6
2026-03-06 16:03:45,804 INFO ACE-MCTS Response: C2:0.5063(79) C8:0.5867(75) CK:0.4783(46) Iterations=201 Passed=200 Depth=2 Relaxation=0 Time=1.7s
2026-03-06 16:03:51,102 INFO ACE-MCTS Request: PBN=N:K87.AKQ94.72.K82 ... 32.J32.AQT96.AQ3 ... Contract=5DW Played=['C6', 'C8', 'C4'] Constraints=[RHO:[0, 7, 0, 5, 0, 5, 1, 5, 0, 14] LHO:[1, 8, 0, 5, 1, 6, 0, 4, 0, 15]] Depth=2 Confidence=0.0 Exploration=0.6
2026-03-06 16:03:52,476 INFO ACE-MCTS Response: C3:0.4937(79) CA:0.4521(73) CQ:0.3958(48) Iterations=245 Passed=200 Depth=2 Relaxation=0 Time=1.4s
2026-03-06 16:03:55,270 INFO ACE-MCTS Request: PBN=N:K87.AKQ94.72.K82 ... 32.J32.AQT96.AQ3 ... Contract=5DW Played=['C6', 'C8', 'C4', 'C3'] Constraints=[RHO:[0, 7, 0, 5, 0, 6, 1, 5, 0, 14] LHO:[1, 8, 0, 5, 0, 6, 0, 4, 0, 15]] Depth=2 Confidence=0.0 Exploration=0.6
2026-03-06 16:03:56,446 INFO ACE-MCTS Response: D2:0.5778(45) C2:0.5641(39) H9:0.5185(27) HK:0.5000(24) CK:0.5000(16) HA:0.3846(13) HQ:0.3846(13) HK:0.3846(13) H4:0.4545(11) HQ:0.2500(8) S7:0.2000(5) S8:0.2000(5) D7:0.2500(4) S7:-0.0003(4) SK:-0.0003(4) Iterations=251 Passed=200 Depth=1 Relaxation=0 Time=1.2s
2026-03-06 16:04:02,152 INFO ACE-MCTS Request: PBN=N:K87.AKQ94.72.K82 ... 32.J32.AQT96.AQ3 ... Contract=5DW Played=['C6', 'C8', 'C4', 'C3', 'D2', 'D4'] Constraints=[RHO:[0, 7, 0, 5, 1, 5, 1, 5, 0, 14] LHO:[1, 8, 0, 5, 0, 5, 0, 4, 0, 15]] Depth=2 Confidence=0.0 Exploration=0.6
2026-03-06 16:04:03,248 INFO ACE-MCTS Response: DQ:0.5670(97) D9:0.4902(51) DT:0.4902(51) DA:0.4231(26) D6:0.3571(14) D9:0.3333(12) Iterations=240 Passed=200 Depth=2 Relaxation=0 Time=1.1s
2026-03-06 16:04:06,664 INFO ACE-MCTS Request: PBN=N:K87.AKQ94.72.K82 ... 32.J32.AQT96.AQ3 ... Contract=5DW Played=['C6', 'C8', 'C4', 'C3', 'D2', 'D4', 'DQ', 'D5'] Constraints=[RHO:[0, 7, 0, 5, 2, 4, 1, 5, 0, 14] LHO:[1, 8, 0, 5, 1, 4, 0, 4, 0, 15]] Depth=2 Confidence=0.0 Exploration=0.6
2026-03-06 16:04:07,501 INFO ACE-MCTS Response: CQ:0.8095(84) H3:0.7500(40) H2:0.7500(40) H2:0.6538(26) S2:0.4545(11) CA:0.7000(10) S2:0.5000(10) S3:0.5000(10) DA:0.4000(5) DT:0.2000(5) D9:0.2000(5) HJ:-0.0002(3) D6:-0.0003(3) D9:-0.0003(3) Iterations=251 Passed=200 Depth=1 Relaxation=0 Time=0.8s
2026-03-06 16:04:14,192 INFO ACE-MCTS Request: PBN=N:K87.AKQ94.72.K82 ... 32.J32.AQT96.AQ3 ... Contract=5DW Played=['C6', 'C8', 'C4', 'C3', 'D2', 'D4', 'DQ', 'D5', 'CQ', 'CJ'] Constraints=[RHO:[1, 6, 0, 5, 2, 4, 2, 4, 0, 14] LHO:[2, 7, 0, 5, 1, 4, 0, 2, 0, 14]] Depth=2 Confidence=0.0 Exploration=0.6
2026-03-06 16:04:15,012 INFO ACE-MCTS Response: C2:0.5130(115) CK:0.5176(85) Iterations=634 Passed=200 Depth=2 Relaxation=1 Time=0.8s
2026-03-06 16:04:17,122 INFO ACE-MCTS Request: PBN=N:K87.AKQ94.72.K82 ... 32.J32.AQT96.AQ3 ... Contract=5DW Played=['C6', 'C8', 'C4', 'C3', 'D2', 'D4', 'DQ', 'D5', 'CQ', 'CJ', 'CK', 'C9'] Constraints=[RHO:[0, 7, 0, 5, 2, 4, 1, 3, 0, 14] LHO:[1, 8, 0, 5, 1, 4, 0, 2, 0, 14]] Depth=2 Confidence=0.0 Exploration=0.6
2026-03-06 16:04:17,590 INFO ACE-MCTS Response: H9:0.6522(46) HK:0.6471(34) D7:0.6471(34) H4:0.5667(30) HQ:0.6154(26) HK:0.5000(18) HA:0.5000(18) HQ:0.5000(18) C2:-0.0002(3) S7:-0.0003(3) SK:-0.0003(3) S8:-0.0003(3) S7:-0.0003(3) Iterations=558 Passed=200 Depth=1 Relaxation=1 Time=0.5s
2026-03-06 16:04:18,879 INFO ACE-MCTS Request: PBN=N:K87.AKQ94.72.K82 ... 32.J32.AQT96.AQ3 ... Contract=5DW Played=['C6', 'C8', 'C4', 'C3', 'D2', 'D4', 'DQ', 'D5', 'CQ', 'CJ', 'CK', 'C9', 'H9', 'H8'] Constraints=[RHO:[0, 7, 0, 4, 1, 4, 0, 3, 0, 14] LHO:[1, 8, 0, 4, 1, 4, 0, 3, 0, 14]] Depth=2 Confidence=0.0 Exploration=0.6
2026-03-06 16:04:19,326 INFO ACE-MCTS Response: HJ:0.5714(175) H2:0.2941(17) H3:0.2941(17) H2:0.1250(8) Iterations=295 Passed=200 Depth=2 Relaxation=1 Time=0.4s
2026-03-06 16:04:21,992 INFO ACE-MCTS Request: PBN=N:K87.AKQ94.72.K82 ... 32.J32.AQT96.AQ3 ... Contract=5DW Played=['C6', 'C8', 'C4', 'C3', 'D2', 'D4', 'DQ', 'D5', 'CQ', 'CJ', 'CK', 'C9', 'H9', 'H8', 'HJ', 'H7'] Constraints=[RHO:[0, 7, 0, 3, 1, 4, 0, 3, 0, 14] LHO:[1, 8, 0, 3, 1, 4, 0, 3, 0, 14]] Depth=2 Confidence=0.0 Exploration=0.6
2026-03-06 16:04:22,297 INFO ACE-MCTS Response: DA:0.5345(58) S2:0.4783(46) S2:0.4474(38) S3:0.4474(38) H2:0.3125(16) H3:0.3125(16) D6:0.2857(14) D9:0.1429(7) H2:0.1429(7) DT:0.1429(7) D9:0.1429(7) CA:0.1429(7) Iterations=306 Passed=200 Depth=1 Relaxation=1 Time=0.3s
2026-03-06 16:04:24,593 INFO ACE-MCTS Request: PBN=N:K87.AKQ94.72.K82 ... 32.J32.AQT96.AQ3 ... Contract=5DW Played=['C6', 'C8', 'C4', 'C3', 'D2', 'D4', 'DQ', 'D5', 'CQ', 'CJ', 'CK', 'C9', 'H9', 'H8', 'HJ', 'H7', 'DA', 'S6', 'D7', 'D3'] Constraints=[RHO:[0, 4, 0, 3, 3, 3, 1, 3, 0, 14] LHO:[3, 7, 0, 3, 0, 0, 0, 2, 0, 14]] Depth=2 Confidence=0.0 Exploration=0.6
2026-03-06 16:04:24,843 INFO ACE-MCTS Response: H3:-0.0003(25) H2:-0.0003(25) H2:-0.0003(25) D9:-0.0003(25) DT:-0.0003(25) D9:-0.0003(25) CA:-0.0003(25) S2:-0.0003(25) D6:-0.0003(25) S3:-0.0003(25) S2:-0.0003(25) Iterations=248 Passed=200 Depth=1 Relaxation=2 Time=0.3s
2026-03-06 16:04:25,786 INFO ACE-MCTS Request: PBN=N:K87.AKQ94.72.K82 ... 32.J32.AQT96.AQ3 ... Contract=5DW Played=['C6', 'C8', 'C4', 'C3', 'D2', 'D4', 'DQ', 'D5', 'CQ', 'CJ', 'CK', 'C9', 'H9', 'H8', 'HJ', 'H7', 'DA', 'S6', 'D7', 'D3', 'H2', 'HT'] Constraints=[RHO:[0, 5, 0, 2, 3, 3, 0, 3, 0, 14] LHO:[2, 7, 0, 2, 0, 0, 0, 3, 0, 14]] Depth=2 Confidence=0.0 Exploration=0.6
2026-03-06 16:04:26,010 INFO ACE-MCTS Response: HQ:-0.0003(50) HK:-0.0003(50) HA:-0.0003(50) HK:-0.0003(50) HQ:-0.0003(50) H4:-0.0004(50) Iterations=200 Passed=200 Depth=2 Relaxation=2 Time=0.2s
2026-03-06 16:04:27,208 INFO ACE-MCTS Request: PBN=N:K87.AKQ94.72.K82 ... 32.J32.AQT96.AQ3 ... Contract=5DW Played=['C6', 'C8', 'C4', 'C3', 'D2', 'D4', 'DQ', 'D5', 'CQ', 'CJ', 'CK', 'C9', 'H9', 'H8', 'HJ', 'H7', 'DA', 'S6', 'D7', 'D3', 'H2', 'HT', 'HA', 'D8', 'DK'] Constraints=[RHO:[2, 5, 0, 0, 1, 1, 0, 3, 0, 11] LHO:[2, 5, 1, 2, 0, 0, 0, 3, 0, 14]] Depth=2 Confidence=0.0 Exploration=0.6
2026-03-06 16:04:27,409 INFO ACE-MCTS Response: D6:-0.0003(67) D9:-0.0003(67) DT:-0.0003(66) D9:-0.0003(66) D6:-0.0003(66) Iterations=351 Passed=200 Depth=2 Relaxation=4 Time=0.2s
2026-03-06 16:04:27,853 INFO ACE-MCTS Request: PBN=N:K87.AKQ94.72.K82 ... 32.J32.AQT96.AQ3 ... Contract=5DW Played=['C6', 'C8', 'C4', 'C3', 'D2', 'D4', 'DQ', 'D5', 'CQ', 'CJ', 'CK', 'C9', 'H9', 'H8', 'HJ', 'H7', 'DA', 'S6', 'D7', 'D3', 'H2', 'HT', 'HA', 'D8', 'DK', 'DT', 'C7'] Constraints=[RHO:[2, 5, 0, 0, 1, 1, 0, 2, 0, 11] LHO:[2, 5, 1, 2, 0, 0, 0, 2, 0, 14]] Depth=2 Confidence=0.0 Exploration=0.6
2026-03-06 16:04:28,047 INFO ACE-MCTS Response: H4:-0.0003(29) S8:-0.0003(29) S7:-0.0003(29) S7:-0.0003(28) C2:-0.0003(28) HQ:-0.0003(29) HK:-0.0003(29) HQ:-0.0003(29) SK:-0.0004(28) Iterations=350 Passed=200 Depth=2 Relaxation=4 Time=0.2s
2026-03-06 16:04:29,248 INFO ACE-MCTS Request: PBN=N:K87.AKQ94.72.K82 ... 32.J32.AQT96.AQ3 ... Contract=5DW Played=['C6', 'C8', 'C4', 'C3', 'D2', 'D4', 'DQ', 'D5', 'CQ', 'CJ', 'CK', 'C9', 'H9', 'H8', 'HJ', 'H7', 'DA', 'S6', 'D7', 'D3', 'H2', 'HT', 'HA', 'D8', 'DK', 'DT', 'C7', 'S7', 'S5', 'S3', 'SA'] Constraints=[RHO:[1, 4, 0, 0, 1, 1, 0, 2, 0, 11] LHO:[1, 4, 1, 2, 0, 0, 0, 2, 0, 10]] Depth=2 Confidence=0.0 Exploration=0.6
2026-03-06 16:04:29,424 INFO ACE-MCTS Response: S8:-0.0003(100) SK:-0.0004(100) Iterations=351 Passed=200 Depth=2 Relaxation=4 Time=0.2s
2026-03-06 16:04:30,132 INFO ACE-MCTS Request: PBN=N:K87.AKQ94.72.K82 ... 32.J32.AQT96.AQ3 ... Contract=5DW Played=['C6', 'C8', 'C4', 'C3', 'D2', 'D4', 'DQ', 'D5', 'CQ', 'CJ', 'CK', 'C9', 'H9', 'H8', 'HJ', 'H7', 'DA', 'S6', 'D7', 'D3', 'H2', 'HT', 'HA', 'D8', 'DK', 'DT', 'C7', 'S7', 'S5', 'S3', 'SA', 'S8', 'H6'] Constraints=[RHO:[1, 4, 0, 0, 1, 1, 0, 2, 0, 11] LHO:[1, 4, 0, 1, 0, 0, 0, 2, 0, 10]] Depth=2 Confidence=0.0 Exploration=0.6
2026-03-06 16:04:30,280 INFO ACE-MCTS Response: HQ:-0.0003(67) HQ:-0.0003(67) HK:-0.0003(67) H4:-0.0004(66) Iterations=351 Passed=200 Depth=2 Relaxation=4 Time=0.1s
2026-03-06 16:04:32,097 INFO ACE-MCTS Request: PBN=N:K87.AKQ94.72.K82 ... 32.J32.AQT96.AQ3 ... Contract=5DW Played=['C6', 'C8', 'C4', 'C3', 'D2', 'D4', 'DQ', 'D5', 'CQ', 'CJ', 'CK', 'C9', 'H9', 'H8', 'HJ', 'H7', 'DA', 'S6', 'D7', 'D3', 'H2', 'HT', 'HA', 'D8', 'DK', 'DT', 'C7', 'S7', 'S5', 'S3', 'SA', 'S8', 'H6', 'HK', 'DJ', 'H3', 'CT', 'CA', 'C5', 'C2'] Constraints=[RHO:[2, 4, 0, 0, 0, 0, 0, 0, 0, 10] LHO:[1, 3, 0, 1, 0, 0, 0, 0, 0, 10]] Depth=2 Confidence=0.0 Exploration=0.6
2026-03-06 16:04:32,229 INFO ACE-MCTS Response: D6:-0.0003(67) D6:-0.0003(67) D9:-0.0003(67) S2:-0.0003(66) Iterations=451 Passed=200 Depth=1 Relaxation=5 Time=0.1s
2026-03-06 16:04:32,538 INFO ACE-MCTS Request: PBN=N:K87.AKQ94.72.K82 ... 32.J32.AQT96.AQ3 ... Contract=5DW Played=['C6', 'C8', 'C4', 'C3', 'D2', 'D4', 'DQ', 'D5', 'CQ', 'CJ', 'CK', 'C9', 'H9', 'H8', 'HJ', 'H7', 'DA', 'S6', 'D7', 'D3', 'H2', 'HT', 'HA', 'D8', 'DK', 'DT', 'C7', 'S7', 'S5', 'S3', 'SA', 'S8', 'H6', 'HK', 'DJ', 'H3', 'CT', 'CA', 'C5', 'C2', 'D9', 'S9'] Constraints=[RHO:[2, 4, 0, 0, 0, 0, 0, 0, 0, 10] LHO:[0, 2, 0, 1, 0, 0, 0, 0, 0, 10]] Depth=2 Confidence=0.0 Exploration=0.6
2026-03-06 16:04:32,676 INFO ACE-MCTS Response: HQ:-0.0003(67) H4:-0.0003(66) SK:-0.0004(67) Iterations=453 Passed=200 Depth=2 Relaxation=5 Time=0.1s
2026-03-06 16:04:33,403 INFO ACE-MCTS Request: PBN=N:K87.AKQ94.72.K82 ... 32.J32.AQT96.AQ3 ... Contract=5DW Played=['C6', 'C8', 'C4', 'C3', 'D2', 'D4', 'DQ', 'D5', 'CQ', 'CJ', 'CK', 'C9', 'H9', 'H8', 'HJ', 'H7', 'DA', 'S6', 'D7', 'D3', 'H2', 'HT', 'HA', 'D8', 'DK', 'DT', 'C7', 'S7', 'S5', 'S3', 'SA', 'S8', 'H6', 'HK', 'DJ', 'H3', 'CT', 'CA', 'C5', 'C2', 'D9', 'S9', 'H4', 'S4'] Constraints=[RHO:[1, 3, 0, 0, 0, 0, 0, 0, 0, 10] LHO:[0, 2, 0, 1, 0, 0, 0, 0, 0, 10]] Depth=2 Confidence=0.0 Exploration=0.6
2026-03-06 16:04:33,536 INFO ACE-MCTS Response: S2:-0.0003(100) D6:-0.0003(100) Iterations=452 Passed=200 Depth=1 Relaxation=5 Time=0.1s
2026-03-06 16:04:50,268 INFO ACE-MCTS Request: PBN=N:AQJ8743.9.A9.AT7 ... K.AQ86.KJ65432.5 ... Contract=7DW Played=['ST'] Constraints=[RHO:[1, 4, 4, 7, 0, 1, 4, 7, 3, 15] LHO:[0, 3, 1, 4, 3, 4, 2, 5, 0, 9]] Depth=2 Confidence=0.0 Exploration=0.6
2026-03-06 16:04:51,697 INFO ACE-MCTS Response: SJ:0.5625(48) S7:0.4792(48) S3:0.4444(36) S4:0.4444(36) SJ:0.4074(27) SQ:0.4074(27) SA:0.3636(22) S3:0.3571(14) S7:0.2000(5) S8:0.2000(5) Iterations=1356 Passed=200 Depth=2 Relaxation=0 Time=1.4s
2026-03-06 16:04:56,996 INFO ACE-MCTS Request: PBN=N:AQJ8743.9.A9.AT7 ... K.AQ86.KJ65432.5 ... Contract=7DW Played=['ST', 'S4', 'D7', 'SK', 'H4'] Constraints=[RHO:[0, 0, 3, 6, 1, 3, 4, 8, 3, 15] LHO:[3, 4, 1, 4, 1, 3, 1, 5, 0, 9]] Depth=2 Confidence=0.0 Exploration=0.6
2026-03-06 16:04:57,524 INFO ACE-MCTS Response: HA:-0.0001(50) HQ:-0.0001(50) H8:-0.0001(50) H6:-0.0001(50) Iterations=200 Passed=200 Depth=2 Relaxation=2 Time=0.5s
2026-03-06 16:05:01,111 INFO ACE-MCTS Request: PBN=N:AQJ8743.9.A9.AT7 ... K.AQ86.KJ65432.5 ... Contract=7DW Played=['ST', 'S4', 'D7', 'SK', 'H4', 'HA', 'H5', 'H9'] Constraints=[RHO:[0, 0, 3, 6, 1, 3, 4, 8, 3, 15] LHO:[3, 4, 0, 3, 1, 3, 1, 5, 0, 9]] Depth=2 Confidence=0.0 Exploration=0.6
2026-03-06 16:05:01,587 INFO ACE-MCTS Response: D5:-0.0001(18) D4:-0.0001(18) D3:-0.0001(18) D6:-0.0001(18) D2:-0.0001(18) D4:-0.0001(18) D2:-0.0001(18) D3:-0.0001(18) D5:-0.0001(18) HQ:-0.0001(19) DK:-0.0001(18) C5:-0.0001(18) H6:-0.0001(18) DJ:-0.0001(18) H8:-0.0001(19) Iterations=205 Passed=200 Depth=1 Relaxation=2 Time=0.5s
2026-03-06 16:05:03,498 INFO ACE-MCTS Request: PBN=N:AQJ8743.9.A9.AT7 ... K.AQ86.KJ65432.5 ... Contract=7DW Played=['ST', 'S4', 'D7', 'SK', 'H4', 'HA', 'H5', 'H9', 'D2', 'D8'] Constraints=[RHO:[0, 0, 3, 6, 1, 2, 4, 8, 3, 15] LHO:[3, 4, 0, 3, 1, 2, 1, 5, 0, 9]] Depth=2 Confidence=0.0 Exploration=0.6
2026-03-06 16:05:03,881 INFO ACE-MCTS Response: DA:-0.0001(100) D9:-0.0001(100) Iterations=202 Passed=200 Depth=2 Relaxation=2 Time=0.4s
2026-03-06 16:05:04,844 INFO ACE-MCTS Request: PBN=N:AQJ8743.9.A9.AT7 ... K.AQ86.KJ65432.5 ... Contract=7DW Played=['ST', 'S4', 'D7', 'SK', 'H4', 'HA', 'H5', 'H9', 'D2', 'D8', 'DA', 'DQ'] Constraints=[RHO:[0, 0, 3, 6, 1, 1, 4, 7, 1, 13] LHO:[3, 4, 0, 3, 1, 1, 2, 5, 0, 9]] Depth=2 Confidence=0.0 Exploration=0.6
2026-03-06 16:05:05,146 INFO ACE-MCTS Response: S3:-0.0001(20) S7:-0.0001(20) S8:-0.0001(20) SQ:-0.0001(20) SJ:-0.0001(20) S7:-0.0001(20) SJ:-0.0001(20) D9:-0.0001(20) CA:-0.0001(20) SQ:-0.0001(20) SA:-0.0001(20) CT:-0.0003(20) C7:-0.0003(20) Iterations=202 Passed=200 Depth=1 Relaxation=2 Time=0.3s
2026-03-06 16:05:06,403 INFO ACE-MCTS Request: PBN=N:AQJ8743.9.A9.AT7 ... K.AQ86.KJ65432.5 ... Contract=7DW Played=['ST', 'S4', 'D7', 'SK', 'H4', 'HA', 'H5', 'H9', 'D2', 'D8', 'DA', 'DQ', 'SA', 'C2'] Constraints=[RHO:[0, 0, 3, 6, 1, 1, 3, 6, 1, 13] LHO:[3, 4, 0, 3, 1, 1, 2, 5, 0, 9]] Depth=2 Confidence=0.0 Exploration=0.6
2026-03-06 16:05:06,722 INFO ACE-MCTS Response: H6:-0.0001(20) H8:-0.0001(20) HQ:-0.0001(20) DJ:-0.0001(20) D5:-0.0001(20) D4:-0.0001(20) D3:-0.0001(20) D6:-0.0001(20) C5:-0.0001(20) D4:-0.0001(20) D5:-0.0001(20) DK:-0.0001(20) DJ:-0.0001(20) D3:-0.0001(20) Iterations=202 Passed=200 Depth=2 Relaxation=2 Time=0.3s
2026-03-06 16:05:08,473 INFO ACE-MCTS Request: PBN=N:AQJ8743.9.A9.AT7 ... K.AQ86.KJ65432.5 ... Contract=7DW Played=['ST', 'S4', 'D7', 'SK', 'H4', 'HA', 'H5', 'H9', 'D2', 'D8', 'DA', 'DQ', 'SA', 'C2', 'H6', 'S2'] Constraints=[RHO:[0, 0, 3, 6, 1, 1, 3, 6, 1, 13] LHO:[2, 3, 0, 3, 1, 1, 2, 5, 0, 9]] Depth=2 Confidence=0.0 Exploration=0.6
2026-03-06 16:05:08,700 INFO ACE-MCTS Response: D9:-0.0001(23) S8:-0.0001(22) S7:-0.0001(22) SJ:-0.0001(22) S7:-0.0001(22) S3:-0.0001(22) CA:-0.0001(22) SQ:-0.0001(22) SJ:-0.0001(22) CT:-0.0002(22) C7:-0.0003(23) Iterations=252 Passed=200 Depth=1 Relaxation=2 Time=0.2s
2026-03-06 16:05:10,683 INFO ACE-MCTS Request: PBN=N:AQJ8743.9.A9.AT7 ... K.AQ86.KJ65432.5 ... Contract=7DW Played=['ST', 'S4', 'D7', 'SK', 'H4', 'HA', 'H5', 'H9', 'D2', 'D8', 'DA', 'DQ', 'SA', 'C2', 'H6', 'S2', 'CA', 'C9', 'C5', 'C3'] Constraints=[RHO:[0, 0, 3, 6, 1, 1, 2, 5, 1, 13] LHO:[2, 3, 0, 3, 1, 1, 1, 4, 0, 9]] Depth=2 Confidence=0.0 Exploration=0.6
2026-03-06 16:05:10,850 INFO ACE-MCTS Response: SQ:-0.0001(25) SJ:-0.0001(25) SJ:-0.0001(25) S7:-0.0001(25) S8:-0.0001(25) C7:-0.0001(25) S3:-0.0001(25) S7:-0.0001(25) CT:-0.0001(25) D9:-0.0002(25) Iterations=251 Passed=200 Depth=1 Relaxation=2 Time=0.2s
2026-03-06 16:05:11,476 INFO ACE-MCTS Request: PBN=N:AQJ8743.9.A9.AT7 ... K.AQ86.KJ65432.5 ... Contract=7DW Played=['ST', 'S4', 'D7', 'SK', 'H4', 'HA', 'H5', 'H9', 'D2', 'D8', 'DA', 'DQ', 'SA', 'C2', 'H6', 'S2', 'CA', 'C9', 'C5', 'C3', 'C7', 'CJ'] Constraints=[RHO:[0, 0, 3, 6, 1, 1, 1, 4, 0, 12] LHO:[2, 3, 0, 3, 1, 1, 1, 4, 0, 9]] Depth=2 Confidence=0.0 Exploration=0.6
2026-03-06 16:05:11,634 INFO ACE-MCTS Response: D3:-0.0001(25) D4:-0.0001(25) DK:-0.0001(25) DJ:-0.0001(25) D3:-0.0001(25) D5:-0.0001(25) D6:-0.0001(25) D4:-0.0001(25) D5:-0.0001(25) DJ:-0.0001(25) H8:-0.0002(25) HQ:-0.0002(25) Iterations=314 Passed=200 Depth=2 Relaxation=2 Time=0.2s
2026-03-06 16:05:12,702 INFO ACE-MCTS Request: PBN=N:AQJ8743.9.A9.AT7 ... K.AQ86.KJ65432.5 ... Contract=7DW Played=['ST', 'S4', 'D7', 'SK', 'H4', 'HA', 'H5', 'H9', 'D2', 'D8', 'DA', 'DQ', 'SA', 'C2', 'H6', 'S2', 'CA', 'C9', 'C5', 'C3', 'C7', 'CJ', 'D3', 'C6'] Constraints=[RHO:[0, 0, 3, 6, 1, 1, 1, 4, 0, 12] LHO:[2, 3, 0, 3, 1, 1, 0, 3, 0, 9]] Depth=2 Confidence=0.0 Exploration=0.6
2026-03-06 16:05:12,858 INFO ACE-MCTS Response: HQ:-0.0001(28) H8:-0.0001(29) DJ:-0.0002(29) DK:-0.0002(28) DJ:-0.0002(28) D5:-0.0003(29) D4:-0.0003(29) D6:-0.0003(29) D5:-0.0003(29) D4:-0.0003(28) Iterations=269 Passed=200 Depth=1 Relaxation=2 Time=0.2s
2026-03-06 16:05:13,123 INFO ACE-MCTS Request: PBN=N:AQJ8743.9.A9.AT7 ... K.AQ86.KJ65432.5 ... Contract=7DW Played=['ST', 'S4', 'D7', 'SK', 'H4', 'HA', 'H5', 'H9', 'D2', 'D8', 'DA', 'DQ', 'SA', 'C2', 'H6', 'S2', 'CA', 'C9', 'C5', 'C3', 'C7', 'CJ', 'D3', 'C6', 'H8', 'H2'] Constraints=[RHO:[0, 0, 3, 5, 1, 1, 1, 4, 0, 12] LHO:[2, 3, 0, 2, 1, 1, 0, 3, 0, 9]] Depth=2 Confidence=0.0 Exploration=0.6
2026-03-06 16:05:13,271 INFO ACE-MCTS Response: D9:-0.0001(28) S3:-0.0001(29) SJ:-0.0001(29) S7:-0.0002(29) S8:-0.0002(29) CT:-0.0002(28) S7:-0.0002(29) SJ:-0.0002(28) SQ:-0.0002(28) Iterations=285 Passed=200 Depth=2 Relaxation=2 Time=0.1s
2026-03-06 16:05:14,083 INFO ACE-MCTS Request: PBN=N:AQJ8743.9.A9.AT7 ... K.AQ86.KJ65432.5 ... Contract=7DW Played=['ST', 'S4', 'D7', 'SK', 'H4', 'HA', 'H5', 'H9', 'D2', 'D8', 'DA', 'DQ', 'SA', 'C2', 'H6', 'S2', 'CA', 'C9', 'C5', 'C3', 'C7', 'CJ', 'D3', 'C6', 'H8', 'H2', 'D9', 'HJ'] Constraints=[RHO:[0, 0, 2, 4, 1, 1, 1, 4, 0, 11] LHO:[2, 3, 0, 2, 1, 1, 0, 3, 0, 9]] Depth=2 Confidence=0.0 Exploration=0.6
2026-03-06 16:05:14,218 INFO ACE-MCTS Response: SJ:-0.0001(34) SJ:-0.0001(33) SQ:-0.0001(33) CT:-0.0002(34) S7:-0.0002(33) S8:-0.0002(33) S7:-0.0002(33) S3:-0.0002(33) Iterations=280 Passed=200 Depth=1 Relaxation=2 Time=0.1s
2026-03-06 16:05:14,530 INFO ACE-MCTS Request: PBN=N:AQJ8743.9.A9.AT7 ... K.AQ86.KJ65432.5 ... Contract=7DW Played=['ST', 'S4', 'D7', 'SK', 'H4', 'HA', 'H5', 'H9', 'D2', 'D8', 'DA', 'DQ', 'SA', 'C2', 'H6', 'S2', 'CA', 'C9', 'C5', 'C3', 'C7', 'CJ', 'D3', 'C6', 'H8', 'H2', 'D9', 'HJ', 'SQ', 'HK'] Constraints=[RHO:[0, 0, 1, 3, 1, 1, 1, 4, 0, 8] LHO:[2, 3, 0, 2, 1, 1, 0, 3, 0, 9]] Depth=2 Confidence=0.0 Exploration=0.6
2026-03-06 16:05:14,670 INFO ACE-MCTS Response: D5:-0.0001(34) HQ:-0.0001(34) D6:-0.0001(34) D4:-0.0001(34) DJ:-0.0001(33) D5:-0.0001(33) D4:-0.0001(33) DJ:-0.0001(33) DK:-0.0001(33) Iterations=305 Passed=200 Depth=2 Relaxation=2 Time=0.1s
2026-03-06 16:05:15,386 INFO ACE-MCTS Request: PBN=N:AQJ8743.9.A9.AT7 ... K.AQ86.KJ65432.5 ... Contract=7DW Played=['ST', 'S4', 'D7', 'SK', 'H4', 'HA', 'H5', 'H9', 'D2', 'D8', 'DA', 'DQ', 'SA', 'C2', 'H6', 'S2', 'CA', 'C9', 'C5', 'C3', 'C7', 'CJ', 'D3', 'C6', 'H8', 'H2', 'D9', 'HJ', 'SQ', 'HK', 'D4', 'S6'] Constraints=[RHO:[0, 0, 1, 3, 1, 1, 1, 4, 0, 8] LHO:[1, 2, 0, 2, 1, 1, 0, 3, 0, 9]] Depth=2 Confidence=0.0 Exploration=0.6
2026-03-06 16:05:15,526 INFO ACE-MCTS Response: DJ:-0.0001(40) DJ:-0.0001(40) DK:-0.0001(40) HQ:-0.0001(40) D5:-0.0002(40) D5:-0.0002(40) D6:-0.0002(40) Iterations=301 Passed=200 Depth=1 Relaxation=3 Time=0.1s
2026-03-06 16:05:15,741 INFO ACE-MCTS Request: PBN=N:AQJ8743.9.A9.AT7 ... K.AQ86.KJ65432.5 ... Contract=7DW Played=['ST', 'S4', 'D7', 'SK', 'H4', 'HA', 'H5', 'H9', 'D2', 'D8', 'DA', 'DQ', 'SA', 'C2', 'H6', 'S2', 'CA', 'C9', 'C5', 'C3', 'C7', 'CJ', 'D3', 'C6', 'H8', 'H2', 'D9', 'HJ', 'SQ', 'HK', 'D4', 'S6', 'DK', 'DT'] Constraints=[RHO:[0, 0, 1, 3, 0, 0, 1, 4, 0, 8] LHO:[1, 2, 0, 2, 0, 0, 0, 3, 0, 9]] Depth=2 Confidence=0.0 Exploration=0.6
2026-03-06 16:05:15,878 INFO ACE-MCTS Response: S7:-0.0001(40) S3:-0.0001(40) S7:-0.0001(40) CT:-0.0001(40) SJ:-0.0001(40) S8:-0.0001(40) Iterations=300 Passed=200 Depth=2 Relaxation=3 Time=0.1s
2026-03-06 16:05:16,590 INFO ACE-MCTS Request: PBN=N:AQJ8743.9.A9.AT7 ... K.AQ86.KJ65432.5 ... Contract=7DW Played=['ST', 'S4', 'D7', 'SK', 'H4', 'HA', 'H5', 'H9', 'D2', 'D8', 'DA', 'DQ', 'SA', 'C2', 'H6', 'S2', 'CA', 'C9', 'C5', 'C3', 'C7', 'CJ', 'D3', 'C6', 'H8', 'H2', 'D9', 'HJ', 'SQ', 'HK', 'D4', 'S6', 'DK', 'DT', 'S3', 'HT'] Constraints=[RHO:[0, 0, 0, 2, 0, 0, 1, 4, 0, 8] LHO:[1, 2, 0, 2, 0, 0, 0, 3, 0, 9]] Depth=2 Confidence=0.0 Exploration=0.6
2026-03-06 16:05:16,715 INFO ACE-MCTS Response: HQ:-0.0001(50) D5:-0.0001(50) D6:-0.0001(50) DJ:-0.0001(50) D6:-0.0001(50) D5:-0.0001(50) Iterations=419 Passed=200 Depth=1 Relaxation=3 Time=0.1s
2026-03-06 16:05:17,067 INFO ACE-MCTS Request: PBN=N:AQJ8743.9.A9.AT7 ... K.AQ86.KJ65432.5 ... Contract=7DW Played=['ST', 'S4', 'D7', 'SK', 'H4', 'HA', 'H5', 'H9', 'D2', 'D8', 'DA', 'DQ', 'SA', 'C2', 'H6', 'S2', 'CA', 'C9', 'C5', 'C3', 'C7', 'CJ', 'D3', 'C6', 'H8', 'H2', 'D9', 'HJ', 'SQ', 'HK', 'D4', 'S6', 'DK', 'DT', 'S3', 'HT', 'HQ', 'S5'] Constraints=[RHO:[0, 0, 1, 2, 0, 0, 1, 3, 0, 8] LHO:[0, 1, 0, 0, 0, 0, 1, 3, 0, 9]] Depth=2 Confidence=0.0 Exploration=0.6
2026-03-06 16:05:17,193 INFO ACE-MCTS Response: S7:-0.0001(50) S7:-0.0001(50) S8:-0.0001(50) CT:-0.0001(50) SJ:-0.0001(50) Iterations=350 Passed=200 Depth=2 Relaxation=4 Time=0.1s
2026-03-06 16:05:17,933 INFO ACE-MCTS Request: PBN=N:AQJ8743.9.A9.AT7 ... K.AQ86.KJ65432.5 ... Contract=7DW Played=['ST', 'S4', 'D7', 'SK', 'H4', 'HA', 'H5', 'H9', 'D2', 'D8', 'DA', 'DQ', 'SA', 'C2', 'H6', 'S2', 'CA', 'C9', 'C5', 'C3', 'C7', 'CJ', 'D3', 'C6', 'H8', 'H2', 'D9', 'HJ', 'SQ', 'HK', 'D4', 'S6', 'DK', 'DT', 'S3', 'HT', 'HQ', 'S5', 'S7', 'H7'] Constraints=[RHO:[0, 0, 0, 1, 0, 0, 1, 3, 0, 8] LHO:[0, 1, 0, 0, 0, 0, 1, 3, 0, 9]] Depth=2 Confidence=0.0 Exploration=0.6
2026-03-06 16:05:18,066 INFO ACE-MCTS Response: D5:-0.0001(67) D6:-0.0001(67) DJ:-0.0001(66) D6:-0.0001(66) D5:-0.0001(66) Iterations=451 Passed=200 Depth=1 Relaxation=5 Time=0.1s
2026-03-06 16:05:18,405 INFO ACE-MCTS Request: PBN=N:AQJ8743.9.A9.AT7 ... K.AQ86.KJ65432.5 ... Contract=7DW Played=['ST', 'S4', 'D7', 'SK', 'H4', 'HA', 'H5', 'H9', 'D2', 'D8', 'DA', 'DQ', 'SA', 'C2', 'H6', 'S2', 'CA', 'C9', 'C5', 'C3', 'C7', 'CJ', 'D3', 'C6', 'H8', 'H2', 'D9', 'HJ', 'SQ', 'HK', 'D4', 'S6', 'DK', 'DT', 'S3', 'HT', 'HQ', 'S5', 'S7', 'H7', 'DJ', 'CK'] Constraints=[RHO:[0, 0, 0, 1, 0, 0, 1, 3, 0, 8] LHO:[0, 1, 0, 0, 0, 0, 0, 2, 0, 6]] Depth=2 Confidence=0.0 Exploration=0.6
2026-03-06 16:05:18,533 INFO ACE-MCTS Response: S8:-0.0001(67) CT:-0.0001(67) SJ:-0.0001(66) Iterations=452 Passed=200 Depth=2 Relaxation=5 Time=0.1s
2026-03-06 16:05:19,263 INFO ACE-MCTS Request: PBN=N:AQJ8743.9.A9.AT7 ... K.AQ86.KJ65432.5 ... Contract=7DW Played=['ST', 'S4', 'D7', 'SK', 'H4', 'HA', 'H5', 'H9', 'D2', 'D8', 'DA', 'DQ', 'SA', 'C2', 'H6', 'S2', 'CA', 'C9', 'C5', 'C3', 'C7', 'CJ', 'D3', 'C6', 'H8', 'H2', 'D9', 'HJ', 'SQ', 'HK', 'D4', 'S6', 'DK', 'DT', 'S3', 'HT', 'HQ', 'S5', 'S7', 'H7', 'DJ', 'CK', 'S8', 'H3'] Constraints=[RHO:[0, 0, 0, 0, 0, 0, 1, 3, 0, 8] LHO:[0, 1, 0, 0, 0, 0, 0, 2, 0, 6]] Depth=2 Confidence=0.0 Exploration=0.6
2026-03-06 16:05:19,385 INFO ACE-MCTS Response: D5:-0.0001(100) D5:-0.0001(100) D6:-0.0001(100) Iterations=503 Passed=200 Depth=1 Relaxation=6 Time=0.1s
2026-03-06 16:05:19,718 INFO ACE-MCTS Request: PBN=N:AQJ8743.9.A9.AT7 ... K.AQ86.KJ65432.5 ... Contract=7DW Played=['ST', 'S4', 'D7', 'SK', 'H4', 'HA', 'H5', 'H9', 'D2', 'D8', 'DA', 'DQ', 'SA', 'C2', 'H6', 'S2', 'CA', 'C9', 'C5', 'C3', 'C7', 'CJ', 'D3', 'C6', 'H8', 'H2', 'D9', 'HJ', 'SQ', 'HK', 'D4', 'S6', 'DK', 'DT', 'S3', 'HT', 'HQ', 'S5', 'S7', 'H7', 'DJ', 'CK', 'S8', 'H3', 'D5', 'S9'] Constraints=[RHO:[0, 0, 0, 0, 0, 0, 1, 3, 0, 8] LHO:[0, 0, 0, 0, 0, 0, 0, 2, 0, 6]] Depth=2 Confidence=0.0 Exploration=0.6
2026-03-06 16:05:19,843 INFO ACE-MCTS Response: SJ:-0.0001(100) CT:-0.0001(100) Iterations=503 Passed=200 Depth=2 Relaxation=6 Time=0.1s
2026-03-06 16:05:38,604 INFO ACE-MCTS-Def Request: PBN=N:AQJ8743.9.A9.AT7 .KJT743.Q7.J9842 ... ... Contract=7DN Player=2 Played=['ST', 'S8'] Constraints=[Decl:[0, 5, 4, 6, 1, 2, 1, 5, 0, 11] Partner:[0, 5, 0, 2, 7, 8, 0, 3, 7, 19]] Depth=2 Confidence=0.0 Exploration=0.6
2026-03-06 16:05:40,052 INFO ACE-MCTS-Def Response: HJ:1.0006(15) HT:1.0006(15) HT:1.0006(16) HK:1.0006(16) C8:1.0006(16) C9:1.0006(16) H7:1.0006(15) C4:1.0006(15) H3:1.0006(15) H4:1.0006(16) H3:1.0006(16) C8:1.0006(15) C2:1.0006(15) CJ:1.0006(15) DQ:1.0005(16) D7:1.0005(15) Iterations=1637 Passed=200 Depth=2 Relaxation=1 Time=1.4s
2026-03-06 16:05:42,703 INFO ACE-MCTS-Def Request: PBN=N:AQJ8743.9.A9.AT7 ... ... T9652.52.T8.KQ63 Contract=7DN Player=0 Played=['ST', 'S8', 'H7', 'SK', 'HA'] Constraints=[Decl:[0, 0, 4, 7, 1, 1, 5, 6, 0, 5] Partner:[0, 0, 1, 5, 8, 8, 0, 1, 8, 19]] Depth=2 Confidence=0.0 Exploration=0.6
2026-03-06 16:05:44,885 INFO ACE-MCTS-Def Response: H5:1.0005(91) H2:1.0004(89) Iterations=689 Passed=180 Depth=2 Relaxation=3 Time=2.2s
2026-03-06 16:05:45,608 INFO ACE-MCTS-Def Request: PBN=N:AQJ8743.9.A9.AT7 .KJT743.Q7.J9842 ... ... Contract=7DN Player=2 Played=['ST', 'S8', 'H7', 'SK', 'HA', 'H2', 'H9'] Constraints=[Decl:[0, 4, 1, 4, 1, 3, 0, 5, 0, 4] Partner:[0, 4, 0, 2, 6, 8, 0, 5, 7, 19]] Depth=2 Confidence=0.0 Exploration=0.6
2026-03-06 16:05:47,014 INFO ACE-MCTS-Def Response: H3:1.0004(45) H4:1.0004(45) HT:1.0004(37) HK:1.0004(40) H3:1.0004(39) HT:1.0004(39) HJ:1.0004(39) Iterations=1267 Passed=200 Depth=2 Relaxation=2 Time=1.4s
2026-03-06 16:05:50,006 INFO ACE-MCTS-Def Request: PBN=N:AQJ8743.9.A9.AT7 ... ... T9652.52.T8.KQ63 Contract=7DN Player=0 Played=['ST', 'S8', 'H7', 'SK', 'HA', 'H2', 'H9', 'H3', 'D6'] Constraints=[Decl:[0, 0, 4, 7, 1, 1, 4, 6, 0, 5] Partner:[0, 0, 0, 4, 8, 8, 0, 2, 8, 19]] Depth=2 Confidence=0.0 Exploration=0.6
2026-03-06 16:05:50,923 INFO ACE-MCTS-Def Response: DT:1.0005(105) D8:1.0005(95) Iterations=811 Passed=200 Depth=2 Relaxation=3 Time=0.9s
2026-03-06 16:05:52,662 INFO ACE-MCTS-Def Request: PBN=N:AQJ8743.9.A9.AT7 .KJT743.Q7.J9842 ... ... Contract=7DN Player=2 Played=['ST', 'S8', 'H7', 'SK', 'HA', 'H2', 'H9', 'H3', 'D6', 'D8', 'DA'] Constraints=[Decl:[0, 4, 0, 4, 1, 3, 0, 5, 0, 4] Partner:[0, 4, 0, 4, 6, 7, 0, 5, 7, 19]] Depth=2 Confidence=0.0 Exploration=0.6
2026-03-06 16:05:53,215 INFO ACE-MCTS-Def Response: D7:1.0005(88) DQ:1.0005(112) Iterations=1264 Passed=200 Depth=2 Relaxation=2 Time=0.6s
2026-03-06 16:05:55,031 INFO ACE-MCTS-Def Request: PBN=N:AQJ8743.9.A9.AT7 .KJT743.Q7.J9842 ... ... Contract=7DN Player=2 Played=['ST', 'S8', 'H7', 'SK', 'HA', 'H2', 'H9', 'H3', 'D6', 'D8', 'DA', 'D7', 'SA'] Constraints=[Decl:[0, 4, 0, 4, 1, 4, 0, 5, 0, 4] Partner:[0, 4, 0, 4, 5, 7, 0, 5, 7, 19]] Depth=2 Confidence=0.0 Exploration=0.6
2026-03-06 16:05:55,416 INFO ACE-MCTS-Def Response: DQ:1.0004(21) C4:1.0004(19) C8:1.0004(18) C9:1.0004(18) HJ:1.0004(23) HT:1.0004(23) H4:1.0004(17) C2:1.0004(17) HK:1.0004(18) HT:1.0004(26) CJ:1.0004(20) C8:1.0004(21) Iterations=1008 Passed=200 Depth=2 Relaxation=2 Time=0.4s
2026-03-06 16:05:56,922 INFO ACE-MCTS-Def Request: PBN=N:AQJ8743.9.A9.AT7 ... ... T9652.52.T8.KQ63 Contract=7DN Player=0 Played=['ST', 'S8', 'H7', 'SK', 'HA', 'H2', 'H9', 'H3', 'D6', 'D8', 'DA', 'D7', 'SA', 'C4', 'HQ'] Constraints=[Decl:[0, 0, 3, 6, 1, 2, 4, 5, 0, 3] Partner:[0, 0, 0, 4, 7, 7, 0, 1, 8, 19]] Depth=2 Confidence=0.0 Exploration=0.6
2026-03-06 16:05:57,330 INFO ACE-MCTS-Def Response: S5:1.0005(50) S5:1.0005(50) S6:1.0005(50) S2:1.0005(50) S9:1.0004(50) Iterations=1343 Passed=200 Depth=2 Relaxation=3 Time=0.4s
2026-03-06 16:06:00,718 INFO ACE-MCTS-Def Request: PBN=N:AQJ8743.9.A9.AT7 ... ... T9652.52.T8.KQ63 Contract=7DN Player=0 Played=['ST', 'S8', 'H7', 'SK', 'HA', 'H2', 'H9', 'H3', 'D6', 'D8', 'DA', 'D7', 'SA', 'C4', 'HQ', 'S2', 'D9', 'DQ', 'DK', 'DT', 'DJ'] Constraints=[Decl:[0, 0, 3, 6, 2, 2, 4, 5, 0, 0] Partner:[0, 0, 0, 4, 4, 4, 0, 1, 6, 17]] Depth=2 Confidence=0.0 Exploration=0.6
2026-03-06 16:06:00,948 INFO ACE-MCTS-Def Response: C6:0.9844(64) C3:0.9070(43) CQ:0.8750(32) CK:0.8929(28) CQ:0.8929(28) H5:0.8182(22) S5:0.5714(7) S6:-0.0010(2) S9:-0.0010(2) S5:-0.0010(2) Iterations=554 Passed=200 Depth=2 Relaxation=5 Time=0.2s
2026-03-06 16:06:01,511 INFO ACE-MCTS-Def Request: PBN=N:AQJ8743.9.A9.AT7 .KJT743.Q7.J9842 ... ... Contract=7DN Player=2 Played=['ST', 'S8', 'H7', 'SK', 'HA', 'H2', 'H9', 'H3', 'D6', 'D8', 'DA', 'D7', 'SA', 'C4', 'HQ', 'S2', 'D9', 'DQ', 'DK', 'DT', 'DJ', 'C6', 'S3'] Constraints=[Decl:[0, 0, 0, 3, 2, 2, 0, 4, 0, 0] Partner:[0, 0, 0, 3, 0, 0, 0, 4, 7, 19]] Depth=2 Confidence=0.0 Exploration=0.6
2026-03-06 16:06:01,724 INFO ACE-MCTS-Def Response: HK:0.1481(27) C8:0.1481(27) HT:0.1481(27) C2:0.1481(27) HJ:0.1481(27) C9:0.1481(27) C8:0.1481(27) HJ:0.1304(23) CJ:0.1304(23) H4:0.1304(23) HT:0.1304(23) Iterations=541 Passed=200 Depth=2 Relaxation=5 Time=0.2s
2026-03-06 16:06:02,641 INFO ACE-MCTS-Def Request: PBN=N:AQJ8743.9.A9.AT7 ... ... T9652.52.T8.KQ63 Contract=7DN Player=0 Played=['ST', 'S8', 'H7', 'SK', 'HA', 'H2', 'H9', 'H3', 'D6', 'D8', 'DA', 'D7', 'SA', 'C4', 'HQ', 'S2', 'D9', 'DQ', 'DK', 'DT', 'DJ', 'C6', 'S3', 'C2', 'D5'] Constraints=[Decl:[0, 0, 3, 6, 2, 2, 4, 4, 0, 0] Partner:[0, 0, 0, 4, 0, 0, 0, 0, 6, 17]] Depth=2 Confidence=0.0 Exploration=0.6
2026-03-06 16:06:02,799 INFO ACE-MCTS-Def Response: S6:0.1000(30) CQ:0.1000(30) S5:0.1000(30) S5:0.1000(30) CQ:0.1000(30) CK:0.1000(30) H5:0.1000(30) C3:0.1000(30) S9:0.0500(20) Iterations=532 Passed=200 Depth=2 Relaxation=5 Time=0.2s
2026-03-06 16:06:03,261 INFO ACE-MCTS-Def Request: PBN=N:AQJ8743.9.A9.AT7 .KJT743.Q7.J9842 ... ... Contract=7DN Player=2 Played=['ST', 'S8', 'H7', 'SK', 'HA', 'H2', 'H9', 'H3', 'D6', 'D8', 'DA', 'D7', 'SA', 'C4', 'HQ', 'S2', 'D9', 'DQ', 'DK', 'DT', 'DJ', 'C6', 'S3', 'C2', 'D5', 'S6', 'S4'] Constraints=[Decl:[0, 0, 0, 3, 2, 2, 0, 4, 0, 0] Partner:[0, -1, 0, 3, 0, 0, 0, 4, 7, 19]] Depth=2 Confidence=0.0 Exploration=0.6
2026-03-06 16:06:03,433 INFO ACE-MCTS-Def Response: CJ:0.1622(37) C8:0.1379(29) HJ:0.1379(29) C9:0.1379(29) C8:0.1379(29) H4:0.1154(26) HJ:0.1200(25) HT:0.1200(25) HT:0.1200(25) HK:0.1200(25) Iterations=450 Passed=200 Depth=2 Relaxation=6 Time=0.2s
2026-03-06 16:06:04,269 INFO ACE-MCTS-Def Request: PBN=N:AQJ8743.9.A9.AT7 ... ... T9652.52.T8.KQ63 Contract=7DN Player=0 Played=['ST', 'S8', 'H7', 'SK', 'HA', 'H2', 'H9', 'H3', 'D6', 'D8', 'DA', 'D7', 'SA', 'C4', 'HQ', 'S2', 'D9', 'DQ', 'DK', 'DT', 'DJ', 'C6', 'S3', 'C2', 'D5', 'S6', 'S4', 'CJ', 'D4'] Constraints=[Decl:[0, 0, 3, 6, 2, 2, 3, 3, 0, 0] Partner:[0, 0, 0, 4, 0, 0, 0, -1, 5, 16]] Depth=2 Confidence=0.0 Exploration=0.6
2026-03-06 16:06:04,420 INFO ACE-MCTS-Def Response: S9:0.0294(34) H5:0.0294(34) CQ:0.0303(33) S5:0.0303(33) CQ:0.0303(33) C3:0.0303(33) CK:0.0303(33) Iterations=1194 Passed=200 Depth=2 Relaxation=5 Time=0.2s
2026-03-06 16:06:04,681 INFO ACE-MCTS-Def Request: PBN=N:AQJ8743.9.A9.AT7 .KJT743.Q7.J9842 ... ... Contract=7DN Player=2 Played=['ST', 'S8', 'H7', 'SK', 'HA', 'H2', 'H9', 'H3', 'D6', 'D8', 'DA', 'D7', 'SA', 'C4', 'HQ', 'S2', 'D9', 'DQ', 'DK', 'DT', 'DJ', 'C6', 'S3', 'C2', 'D5', 'S6', 'S4', 'CJ', 'D4', 'C3', 'CT'] Constraints=[Decl:[0, 0, 0, 3, 2, 2, 0, 3, 0, 0] Partner:[0, -1, 0, 3, 0, 0, 0, 3, 7, 19]] Depth=2 Confidence=0.0 Exploration=0.6
2026-03-06 16:06:04,823 INFO ACE-MCTS-Def Response: H4:0.1316(38) C8:0.1176(34) HJ:0.1176(34) C9:0.1176(34) C8:0.1176(34) HT:0.1000(30) HT:0.1000(30) HK:0.1000(30) HJ:0.1000(30) Iterations=450 Passed=200 Depth=2 Relaxation=6 Time=0.1s
2026-03-06 16:06:05,589 INFO ACE-MCTS-Def Request: PBN=N:AQJ8743.9.A9.AT7 ... ... T9652.52.T8.KQ63 Contract=7DN Player=0 Played=['ST', 'S8', 'H7', 'SK', 'HA', 'H2', 'H9', 'H3', 'D6', 'D8', 'DA', 'D7', 'SA', 'C4', 'HQ', 'S2', 'D9', 'DQ', 'DK', 'DT', 'DJ', 'C6', 'S3', 'C2', 'D5', 'S6', 'S4', 'CJ', 'D4', 'C3', 'CT', 'H4', 'D3'] Constraints=[Decl:[0, 0, 3, 5, 1, 1, 3, 3, 0, 0] Partner:[0, 0, 0, 3, 0, 0, 0, -1, 5, 16]] Depth=2 Confidence=0.0 Exploration=0.6
2026-03-06 16:06:05,731 INFO ACE-MCTS-Def Response: CQ:0.0962(52) CK:0.0851(47) CQ:0.0851(47) H5:0.0732(41) S9:0.0333(30) S5:0.0333(30) Iterations=494 Passed=200 Depth=2 Relaxation=6 Time=0.1s
2026-03-06 16:06:05,999 INFO ACE-MCTS-Def Request: PBN=N:AQJ8743.9.A9.AT7 .KJT743.Q7.J9842 ... ... Contract=7DN Player=2 Played=['ST', 'S8', 'H7', 'SK', 'HA', 'H2', 'H9', 'H3', 'D6', 'D8', 'DA', 'D7', 'SA', 'C4', 'HQ', 'S2', 'D9', 'DQ', 'DK', 'DT', 'DJ', 'C6', 'S3', 'C2', 'D5', 'S6', 'S4', 'CJ', 'D4', 'C3', 'CT', 'H4', 'D3', 'CK', 'C7'] Constraints=[Decl:[0, 0, 0, 3, 1, 1, 1, 2, 0, 0] Partner:[0, -1, 0, 3, 0, 0, 0, 0, 4, 16]] Depth=2 Confidence=0.0 Exploration=0.6
2026-03-06 16:06:06,141 INFO ACE-MCTS-Def Response: HJ:0.2041(49) HT:0.1667(42) HK:0.1667(42) HJ:0.1667(42) C8:0.1707(41) C9:0.1707(41) HT:0.1842(38) C8:0.1333(30) Iterations=452 Passed=200 Depth=2 Relaxation=6 Time=0.1s
2026-03-06 16:06:07,875 INFO ACE-MCTS-Def Request: PBN=N:AQJ8743.9.A9.AT7 .KJT743.Q7.J9842 ... ... Contract=7DN Player=2 Played=['ST', 'S8', 'H7', 'SK', 'HA', 'H2', 'H9', 'H3', 'D6', 'D8', 'DA', 'D7', 'SA', 'C4', 'HQ', 'S2', 'D9', 'DQ', 'DK', 'DT', 'DJ', 'C6', 'S3', 'C2', 'D5', 'S6', 'S4', 'CJ', 'D4', 'C3', 'CT', 'H4', 'D3', 'CK', 'C7', 'HT', 'C5', 'CQ', 'CA', 'C8', 'SQ'] Constraints=[Decl:[0, 0, 0, 1, 1, 1, 0, 0, 0, 0] Partner:[0, -1, 1, 3, 0, 0, 0, -2, 2, 14]] Depth=2 Confidence=0.0 Exploration=0.6
2026-03-06 16:06:08,007 INFO ACE-MCTS-Def Response: HJ:0.0290(69) HK:0.0290(69) C9:0.0290(69) HJ:0.0323(62) Iterations=450 Passed=200 Depth=2 Relaxation=6 Time=0.1s
2026-03-06 16:06:08,298 INFO ACE-MCTS-Def Request: PBN=N:AQJ8743.9.A9.AT7 ... ... T9652.52.T8.KQ63 Contract=7DN Player=0 Played=['ST', 'S8', 'H7', 'SK', 'HA', 'H2', 'H9', 'H3', 'D6', 'D8', 'DA', 'D7', 'SA', 'C4', 'HQ', 'S2', 'D9', 'DQ', 'DK', 'DT', 'DJ', 'C6', 'S3', 'C2', 'D5', 'S6', 'S4', 'CJ', 'D4', 'C3', 'CT', 'H4', 'D3', 'CK', 'C7', 'HT', 'C5', 'CQ', 'CA', 'C8', 'SQ', 'HJ', 'H8'] Constraints=[Decl:[0, 0, 2, 2, 1, 1, 1, 1, 0, 0] Partner:[0, 0, 0, 1, 0, 0, 0, -1, 4, 15]] Depth=2 Confidence=0.0 Exploration=0.6
2026-03-06 16:06:08,430 INFO ACE-MCTS-Def Response: S5:0.0177(113) S9:-0.0010(87) Iterations=451 Passed=200 Depth=2 Relaxation=6 Time=0.1s
2026-03-06 16:06:09,190 INFO ACE-MCTS-Def Request: PBN=N:AQJ8743.9.A9.AT7 .KJT743.Q7.J9842 ... ... Contract=7DN Player=2 Played=['ST', 'S8', 'H7', 'SK', 'HA', 'H2', 'H9', 'H3', 'D6', 'D8', 'DA', 'D7', 'SA', 'C4', 'HQ', 'S2', 'D9', 'DQ', 'DK', 'DT', 'DJ', 'C6', 'S3', 'C2', 'D5', 'S6', 'S4', 'CJ', 'D4', 'C3', 'CT', 'H4', 'D3', 'CK', 'C7', 'HT', 'C5', 'CQ', 'CA', 'C8', 'SQ', 'HJ', 'H8', 'S5', 'SJ'] Constraints=[Decl:[0, 0, 0, 0, 1, 1, 0, 0, 0, 0] Partner:[0, -2, 1, 2, 0, 0, 0, -2, 2, 14]] Depth=2 Confidence=0.0 Exploration=0.6
2026-03-06 16:06:09,323 INFO ACE-MCTS-Def Response: HK:0.0200(100) C9:0.0200(100) Iterations=500 Passed=200 Depth=2 Relaxation=7 Time=0.1s
2026-03-06 16:06:19,744 INFO ACE-MCTS Request: PBN=N:9.AJT962.AJ.T964 ... AKQ.K7.653.AKJ87 ... Contract=6HE Played=['D2'] Constraints=[RHO:[1, 7, 0, 5, 1, 7, 0, 4, 0, 13] LHO:[2, 8, 0, 5, 0, 6, 0, 4, 0, 11]] Depth=2 Confidence=0.0 Exploration=0.6
2026-03-06 16:06:20,466 INFO ACE-MCTS Response: DA:0.9574(141) DJ:0.8644(59) Iterations=209 Passed=200 Depth=2 Relaxation=0 Time=0.7s
2026-03-06 16:06:24,085 INFO ACE-MCTS Request: PBN=N:9.AJT962.AJ.T964 ... AKQ.K7.653.AKJ87 ... Contract=6HE Played=['D2', 'DA', 'D9'] Constraints=[RHO:[1, 7, 0, 5, 0, 6, 0, 4, 0, 13] LHO:[2, 8, 0, 5, 0, 6, 0, 4, 0, 11]] Depth=2 Confidence=0.0 Exploration=0.6
2026-03-06 16:06:24,763 INFO ACE-MCTS Response: D5:0.9079(76) D3:0.8955(67) D6:0.8596(57) D5:0.8596(57) Iterations=203 Passed=200 Depth=2 Relaxation=0 Time=0.7s
2026-03-06 16:06:26,167 INFO ACE-MCTS Request: PBN=N:9.AJT962.AJ.T964 ... AKQ.K7.653.AKJ87 ... Contract=6HE Played=['D2', 'DA', 'D9', 'D3'] Constraints=[RHO:[1, 7, 1, 5, 0, 6, 0, 4, 0, 13] LHO:[2, 8, 0, 4, 0, 6, 0, 4, 0, 11]] Depth=2 Confidence=0.0 Exploration=0.6
2026-03-06 16:06:26,753 INFO ACE-MCTS Response: S9:0.9722(36) H6:0.9310(29) C6:0.9167(24) H9:0.9545(22) HJ:0.8000(15) H9:0.8000(15) HT:0.8000(15) HA:0.8000(15) HT:0.7692(13) DJ:0.7273(11) C9:0.8000(10) CT:0.8000(10) C4:0.7778(9) H2:0.6667(9) C9:0.5714(7) Iterations=206 Passed=200 Depth=1 Relaxation=0 Time=0.6s
2026-03-06 16:06:32,460 INFO ACE-MCTS Request: PBN=N:9.AJT962.AJ.T964 ... AKQ.K7.653.AKJ87 ... Contract=6HE Played=['D2', 'DA', 'D9', 'D3', 'S9', 'S6', 'SA', 'S5'] Constraints=[RHO:[0, 6, 0, 5, 0, 6, 0, 4, 0, 13] LHO:[1, 7, 0, 5, 0, 6, 0, 4, 0, 11]] Depth=2 Confidence=0.0 Exploration=0.6
2026-03-06 16:06:32,951 INFO ACE-MCTS Response: SQ:0.9500(40) SK:0.9655(29) SQ:0.9655(29) CA:0.9259(27) CK:0.9259(27) CK:0.9200(25) H7:0.9200(25) HK:0.8636(22) D5:0.8235(17) D6:0.6667(9) D5:0.6667(9) C7:-0.0002(2) CJ:-0.0003(2) C7:-0.0003(2) C8:-0.0003(2) Iterations=208 Passed=200 Depth=1 Relaxation=0 Time=0.5s
2026-03-06 16:06:35,544 INFO ACE-MCTS Request: PBN=N:9.AJT962.AJ.T964 ... AKQ.K7.653.AKJ87 ... Contract=6HE Played=['D2', 'DA', 'D9', 'D3', 'S9', 'S6', 'SA', 'S5', 'SK', 'ST'] Constraints=[RHO:[0, 6, 1, 5, 0, 6, 0, 4, 0, 13] LHO:[0, 6, 0, 4, 0, 6, 0, 4, 0, 11]] Depth=2 Confidence=0.0 Exploration=0.6
2026-03-06 16:06:36,001 INFO ACE-MCTS Response: C4:1.0010(26) DJ:1.0010(28) HT:0.9565(23) HJ:0.9565(23) H9:0.9565(23) CT:0.8947(19) C9:0.8947(19) C6:0.9444(18) H2:0.9412(17) H9:0.9412(17) HT:0.8824(17) HA:0.8571(14) H6:0.8571(14) C9:0.7143(7) Iterations=221 Passed=200 Depth=2 Relaxation=0 Time=0.5s
2026-03-06 16:06:37,520 INFO ACE-MCTS Request: PBN=N:9.AJT962.AJ.T964 ... AKQ.K7.653.AKJ87 ... Contract=6HE Played=['D2', 'DA', 'D9', 'D3', 'S9', 'S6', 'SA', 'S5', 'SK', 'ST', 'DJ', 'SJ'] Constraints=[RHO:[0, 1, 2, 5, 1, 6, 0, 4, 0, 12] LHO:[4, 5, 0, 3, 0, 5, 0, 4, 0, 11]] Depth=2 Confidence=0.0 Exploration=0.6
2026-03-06 16:06:37,938 INFO ACE-MCTS Response: CK:1.0010(34) CA:1.0010(34) SQ:1.0010(37) D5:1.0010(29) H7:0.9583(24) HK:0.9565(23) CK:0.9565(23) D5:0.8947(19) D6:0.8947(19) C7:0.5000(4) CJ:0.5000(4) C7:0.3333(3) C8:0.3333(3) Iterations=1492 Passed=200 Depth=1 Relaxation=2 Time=0.4s
2026-03-06 16:06:39,784 INFO ACE-MCTS Request: PBN=N:9.AJT962.AJ.T964 ... AKQ.K7.653.AKJ87 ... Contract=6HE Played=['D2', 'DA', 'D9', 'D3', 'S9', 'S6', 'SA', 'S5', 'SK', 'ST', 'DJ', 'SJ', 'SQ', 'S8'] Constraints=[RHO:[0, 1, 2, 5, 1, 5, 0, 4, 0, 12] LHO:[3, 4, 0, 3, 1, 5, 0, 4, 0, 11]] Depth=2 Confidence=0.0 Exploration=0.6
2026-03-06 16:06:40,199 INFO ACE-MCTS Response: HT:1.0010(30) CT:1.0010(29) C9:1.0010(29) HJ:0.9600(25) HT:0.9600(25) H9:0.9600(25) H2:0.9545(22) C4:0.9545(22) C6:0.8947(19) HA:0.8889(18) H9:0.8235(17) C9:0.9333(15) H6:0.3333(3) Iterations=1005 Passed=200 Depth=2 Relaxation=2 Time=0.4s
2026-03-06 16:06:42,327 INFO ACE-MCTS Request: PBN=N:9.AJT962.AJ.T964 ... AKQ.K7.653.AKJ87 ... Contract=6HE Played=['D2', 'DA', 'D9', 'D3', 'S9', 'S6', 'SA', 'S5', 'SK', 'ST', 'DJ', 'SJ', 'SQ', 'S8', 'CT', 'H8', 'CQ'] Constraints=[RHO:[0, 0, 3, 4, 1, 5, 0, 3, 0, 10] LHO:[3, 4, 0, 2, 1, 5, 0, 3, 0, 11]] Depth=2 Confidence=0.0 Exploration=0.6
2026-03-06 16:06:42,609 INFO ACE-MCTS Response: CK:0.7982(109) CA:0.8250(80) CK:0.8250(80) C7:-0.0002(5) C8:-0.0002(3) CJ:-0.0002(3) C7:-0.0002(3) Iterations=250 Passed=200 Depth=2 Relaxation=3 Time=0.3s
2026-03-06 16:06:43,379 INFO ACE-MCTS Request: PBN=N:9.AJT962.AJ.T964 ... AKQ.K7.653.AKJ87 ... Contract=6HE Played=['D2', 'DA', 'D9', 'D3', 'S9', 'S6', 'SA', 'S5', 'SK', 'ST', 'DJ', 'SJ', 'SQ', 'S8', 'CT', 'H8', 'CQ', 'CA', 'C5'] Constraints=[RHO:[0, 0, 3, 4, 1, 5, 0, 2, 0, 10] LHO:[3, 4, 0, 2, 1, 5, 0, 2, 0, 11]] Depth=2 Confidence=0.0 Exploration=0.6
2026-03-06 16:06:43,658 INFO ACE-MCTS Response: C9:0.7692(91) C4:0.7927(82) C6:0.5926(27) Iterations=250 Passed=200 Depth=2 Relaxation=3 Time=0.3s
2026-03-06 16:06:44,260 INFO ACE-MCTS Request: PBN=N:9.AJT962.AJ.T964 ... AKQ.K7.653.AKJ87 ... Contract=6HE Played=['D2', 'DA', 'D9', 'D3', 'S9', 'S6', 'SA', 'S5', 'SK', 'ST', 'DJ', 'SJ', 'SQ', 'S8', 'CT', 'H8', 'CQ', 'CA', 'C5', 'C4'] Constraints=[RHO:[0, 0, 3, 4, 1, 5, 0, 2, 0, 10] LHO:[3, 4, 0, 2, 1, 5, 0, 2, 0, 11]] Depth=2 Confidence=0.0 Exploration=0.6
2026-03-06 16:06:44,472 INFO ACE-MCTS Response: D6:0.8793(116) D5:0.8793(116) D5:0.9111(45) H7:0.5833(12) C7:0.4444(9) C8:0.4444(9) HK:0.5000(8) CK:0.3333(6) CJ:0.3333(6) C7:-0.0002(2) CJ:-0.0002(2) Iterations=251 Passed=200 Depth=1 Relaxation=3 Time=0.2s
2026-03-06 16:06:45,205 INFO ACE-MCTS Request: PBN=N:9.AJT962.AJ.T964 ... AKQ.K7.653.AKJ87 ... Contract=6HE Played=['D2', 'DA', 'D9', 'D3', 'S9', 'S6', 'SA', 'S5', 'SK', 'ST', 'DJ', 'SJ', 'SQ', 'S8', 'CT', 'H8', 'CQ', 'CA', 'C5', 'C4', 'D5', 'DK'] Constraints=[RHO:[0, 0, 3, 4, 1, 5, 0, 2, 0, 10] LHO:[3, 4, 0, 2, 0, 4, 0, 2, 0, 8]] Depth=2 Confidence=0.0 Exploration=0.6
2026-03-06 16:06:45,417 INFO ACE-MCTS Response: HT:0.8200(50) H6:0.8043(46) H2:0.8043(46) H9:0.8276(29) H9:0.6957(23) HJ:0.6957(23) HT:0.6957(23) C9:-0.0002(2) C6:-0.0002(2) HA:-0.0002(2) Iterations=251 Passed=200 Depth=2 Relaxation=3 Time=0.2s
2026-03-06 16:06:46,332 INFO ACE-MCTS Request: PBN=N:9.AJT962.AJ.T964 ... AKQ.K7.653.AKJ87 ... Contract=6HE Played=['D2', 'DA', 'D9', 'D3', 'S9', 'S6', 'SA', 'S5', 'SK', 'ST', 'DJ', 'SJ', 'SQ', 'S8', 'CT', 'H8', 'CQ', 'CA', 'C5', 'C4', 'D5', 'DK', 'H2', 'D8'] Constraints=[RHO:[0, 0, 2, 4, 0, 4, 0, 2, 0, 10] LHO:[3, 4, 0, 3, 0, 4, 0, 2, 0, 8]] Depth=2 Confidence=0.0 Exploration=0.6
2026-03-06 16:06:46,507 INFO ACE-MCTS Response: H6:0.9111(90) HJ:0.8500(40) H9:0.8500(40) HT:0.8500(40) HT:0.8056(36) H9:0.7692(26) C6:0.2500(4) HA:-0.0002(2) C9:-0.0002(2) Iterations=251 Passed=200 Depth=1 Relaxation=3 Time=0.2s
2026-03-06 16:06:46,901 INFO ACE-MCTS Request: PBN=N:9.AJT962.AJ.T964 ... AKQ.K7.653.AKJ87 ... Contract=6HE Played=['D2', 'DA', 'D9', 'D3', 'S9', 'S6', 'SA', 'S5', 'SK', 'ST', 'DJ', 'SJ', 'SQ', 'S8', 'CT', 'H8', 'CQ', 'CA', 'C5', 'C4', 'D5', 'DK', 'H2', 'D8', 'H6', 'H4'] Constraints=[RHO:[0, 0, 2, 3, 0, 4, 0, 2, 0, 10] LHO:[3, 4, 0, 3, 0, 4, 0, 2, 0, 8]] Depth=2 Confidence=0.0 Exploration=0.6
2026-03-06 16:06:47,083 INFO ACE-MCTS Response: H7:0.4412(136) HK:0.3438(64) Iterations=250 Passed=200 Depth=2 Relaxation=3 Time=0.2s
2026-03-06 16:06:47,775 INFO ACE-MCTS Request: PBN=N:9.AJT962.AJ.T964 ... AKQ.K7.653.AKJ87 ... Contract=6HE Played=['D2', 'DA', 'D9', 'D3', 'S9', 'S6', 'SA', 'S5', 'SK', 'ST', 'DJ', 'SJ', 'SQ', 'S8', 'CT', 'H8', 'CQ', 'CA', 'C5', 'C4', 'D5', 'DK', 'H2', 'D8', 'H6', 'H4', 'H7', 'H5'] Constraints=[RHO:[0, 0, 2, 2, 1, 4, 0, 2, 0, 10] LHO:[3, 4, 1, 2, 0, 3, 0, 2, 0, 8]] Depth=2 Confidence=0.0 Exploration=0.6
2026-03-06 16:06:47,925 INFO ACE-MCTS Response: HK:1.0009(79) D6:0.9630(81) CJ:0.7368(19) C7:0.6667(12) C8:0.6667(12) CK:0.4000(5) CJ:0.4000(5) C7:0.2500(4) Iterations=251 Passed=200 Depth=1 Relaxation=3 Time=0.1s
2026-03-06 16:06:48,322 INFO ACE-MCTS Request: PBN=N:9.AJT962.AJ.T964 ... AKQ.K7.653.AKJ87 ... Contract=6HE Played=['D2', 'DA', 'D9', 'D3', 'S9', 'S6', 'SA', 'S5', 'SK', 'ST', 'DJ', 'SJ', 'SQ', 'S8', 'CT', 'H8', 'CQ', 'CA', 'C5', 'C4', 'D5', 'DK', 'H2', 'D8', 'H6', 'H4', 'H7', 'H5', 'HK', 'S7'] Constraints=[RHO:[0, 0, 2, 2, 1, 4, 0, 2, 0, 10] LHO:[2, 3, 0, 0, 0, 3, 0, 2, 0, 8]] Depth=2 Confidence=0.0 Exploration=0.6
2026-03-06 16:06:48,472 INFO ACE-MCTS Response: HT:1.0009(74) H9:1.0009(62) HT:1.0009(62) HJ:1.0009(62) H9:1.0009(60) HA:0.2500(4) Iterations=350 Passed=200 Depth=2 Relaxation=4 Time=0.2s
2026-03-06 16:06:49,197 INFO ACE-MCTS Request: PBN=N:9.AJT962.AJ.T964 ... AKQ.K7.653.AKJ87 ... Contract=6HE Played=['D2', 'DA', 'D9', 'D3', 'S9', 'S6', 'SA', 'S5', 'SK', 'ST', 'DJ', 'SJ', 'SQ', 'S8', 'CT', 'H8', 'CQ', 'CA', 'C5', 'C4', 'D5', 'DK', 'H2', 'D8', 'H6', 'H4', 'H7', 'H5', 'HK', 'S7', 'H9', 'H3'] Constraints=[RHO:[0, 0, 1, 1, 1, 4, 0, 2, 0, 10] LHO:[2, 3, 0, 0, 0, 3, 0, 2, 0, 8]] Depth=2 Confidence=0.0 Exploration=0.6
2026-03-06 16:06:49,336 INFO ACE-MCTS Response: D6:1.0009(64) CK:0.9800(50) CJ:0.9800(50) CJ:0.9459(37) C7:0.9143(35) C8:0.9143(35) C7:0.7857(14) Iterations=350 Passed=200 Depth=1 Relaxation=4 Time=0.1s
2026-03-06 16:06:49,528 INFO ACE-MCTS Request: PBN=N:9.AJT962.AJ.T964 ... AKQ.K7.653.AKJ87 ... Contract=6HE Played=['D2', 'DA', 'D9', 'D3', 'S9', 'S6', 'SA', 'S5', 'SK', 'ST', 'DJ', 'SJ', 'SQ', 'S8', 'CT', 'H8', 'CQ', 'CA', 'C5', 'C4', 'D5', 'DK', 'H2', 'D8', 'H6', 'H4', 'H7', 'H5', 'HK', 'S7', 'H9', 'H3', 'D6', 'DT'] Constraints=[RHO:[0, 0, 1, 1, 1, 3, 0, 2, 0, 10] LHO:[2, 3, 0, 0, 0, 2, 0, 2, 0, 8]] Depth=2 Confidence=0.0 Exploration=0.6
2026-03-06 16:06:49,672 INFO ACE-MCTS Response: HJ:1.0009(96) HT:1.0009(96) HT:1.0009(96) HA:-0.0002(2) C6:-0.0002(3) C9:-0.0002(3) Iterations=350 Passed=200 Depth=2 Relaxation=4 Time=0.1s
2026-03-06 16:06:50,378 INFO ACE-MCTS Request: PBN=N:9.AJT962.AJ.T964 ... AKQ.K7.653.AKJ87 ... Contract=6HE Played=['D2', 'DA', 'D9', 'D3', 'S9', 'S6', 'SA', 'S5', 'SK', 'ST', 'DJ', 'SJ', 'SQ', 'S8', 'CT', 'H8', 'CQ', 'CA', 'C5', 'C4', 'D5', 'DK', 'H2', 'D8', 'H6', 'H4', 'H7', 'H5', 'HK', 'S7', 'H9', 'H3', 'D6', 'DT', 'HT', 'D4'] Constraints=[RHO:[0, 0, 1, 1, 0, 2, 0, 2, 0, 10] LHO:[2, 3, 0, 0, 0, 2, 0, 2, 0, 8]] Depth=2 Confidence=0.0 Exploration=0.6
2026-03-06 16:06:50,530 INFO ACE-MCTS Response: HA:1.0009(114) C9:1.0009(78) C6:0.6667(6) HJ:-0.0002(2) Iterations=352 Passed=200 Depth=1 Relaxation=4 Time=0.2s
2026-03-06 16:06:50,742 INFO ACE-MCTS Request: PBN=N:9.AJT962.AJ.T964 ... AKQ.K7.653.AKJ87 ... Contract=6HE Played=['D2', 'DA', 'D9', 'D3', 'S9', 'S6', 'SA', 'S5', 'SK', 'ST', 'DJ', 'SJ', 'SQ', 'S8', 'CT', 'H8', 'CQ', 'CA', 'C5', 'C4', 'D5', 'DK', 'H2', 'D8', 'H6', 'H4', 'H7', 'H5', 'HK', 'S7', 'H9', 'H3', 'D6', 'DT', 'HT', 'D4', 'HA', 'HQ'] Constraints=[RHO:[0, 0, 0, 0, 0, 2, 0, 2, 0, 8] LHO:[2, 3, 0, 0, 0, 2, 0, 2, 0, 8]] Depth=2 Confidence=0.0 Exploration=0.6
2026-03-06 16:06:50,886 INFO ACE-MCTS Response: C7:1.0009(52) C8:1.0009(52) C7:1.0009(50) CJ:1.0009(50) CK:1.0009(50) CJ:1.0009(48) Iterations=351 Passed=200 Depth=2 Relaxation=4 Time=0.1s
2026-03-06 16:06:51,621 INFO ACE-MCTS Request: PBN=N:9.AJT962.AJ.T964 ... AKQ.K7.653.AKJ87 ... Contract=6HE Played=['D2', 'DA', 'D9', 'D3', 'S9', 'S6', 'SA', 'S5', 'SK', 'ST', 'DJ', 'SJ', 'SQ', 'S8', 'CT', 'H8', 'CQ', 'CA', 'C5', 'C4', 'D5', 'DK', 'H2', 'D8', 'H6', 'H4', 'H7', 'H5', 'HK', 'S7', 'H9', 'H3', 'D6', 'DT', 'HT', 'D4', 'HA', 'HQ', 'C7', 'S4'] Constraints=[RHO:[0, 0, 0, 0, 0, 2, 0, 2, 0, 8] LHO:[1, 2, 0, 0, 0, 2, 0, 2, 0, 8]] Depth=2 Confidence=0.0 Exploration=0.6
2026-03-06 16:06:51,750 INFO ACE-MCTS Response: C6:1.0009(82) HJ:1.0009(60) C9:1.0009(58) Iterations=400 Passed=200 Depth=1 Relaxation=5 Time=0.1s
2026-03-06 16:06:52,078 INFO ACE-MCTS Request: PBN=N:9.AJT962.AJ.T964 ... AKQ.K7.653.AKJ87 ... Contract=6HE Played=['D2', 'DA', 'D9', 'D3', 'S9', 'S6', 'SA', 'S5', 'SK', 'ST', 'DJ', 'SJ', 'SQ', 'S8', 'CT', 'H8', 'CQ', 'CA', 'C5', 'C4', 'D5', 'DK', 'H2', 'D8', 'H6', 'H4', 'H7', 'H5', 'HK', 'S7', 'H9', 'H3', 'D6', 'DT', 'HT', 'D4', 'HA', 'HQ', 'C7', 'S4', 'HJ', 'C3'] Constraints=[RHO:[0, 0, 0, 0, 0, 2, 0, 1, 0, 8] LHO:[1, 2, 0, 0, 0, 2, 0, 1, 0, 8]] Depth=2 Confidence=0.0 Exploration=0.6
2026-03-06 16:06:52,209 INFO ACE-MCTS Response: CJ:1.0009(80) C8:1.0009(63) CK:1.0009(57) CJ:1.0009(57) Iterations=400 Passed=200 Depth=2 Relaxation=5 Time=0.1s
2026-03-06 16:06:52,952 INFO ACE-MCTS Request: PBN=N:9.AJT962.AJ.T964 ... AKQ.K7.653.AKJ87 ... Contract=6HE Played=['D2', 'DA', 'D9', 'D3', 'S9', 'S6', 'SA', 'S5', 'SK', 'ST', 'DJ', 'SJ', 'SQ', 'S8', 'CT', 'H8', 'CQ', 'CA', 'C5', 'C4', 'D5', 'DK', 'H2', 'D8', 'H6', 'H4', 'H7', 'H5', 'HK', 'S7', 'H9', 'H3', 'D6', 'DT', 'HT', 'D4', 'HA', 'HQ', 'C7', 'S4', 'HJ', 'C3', 'C8', 'S3'] Constraints=[RHO:[0, 0, 0, 0, 0, 2, 0, 1, 0, 8] LHO:[0, 1, 0, 0, 0, 2, 0, 1, 0, 8]] Depth=2 Confidence=0.0 Exploration=0.6
2026-03-06 16:06:53,079 INFO ACE-MCTS Response: C6:1.0009(109) C9:1.0009(91) C6:1.0009(91) Iterations=500 Passed=200 Depth=1 Relaxation=6 Time=0.1s
2026-03-06 16:06:53,401 INFO ACE-MCTS Request: PBN=N:9.AJT962.AJ.T964 ... AKQ.K7.653.AKJ87 ... Contract=6HE Played=['D2', 'DA', 'D9', 'D3', 'S9', 'S6', 'SA', 'S5', 'SK', 'ST', 'DJ', 'SJ', 'SQ', 'S8', 'CT', 'H8', 'CQ', 'CA', 'C5', 'C4', 'D5', 'DK', 'H2', 'D8', 'H6', 'H4', 'H7', 'H5', 'HK', 'S7', 'H9', 'H3', 'D6', 'DT', 'HT', 'D4', 'HA', 'HQ', 'C7', 'S4', 'HJ', 'C3', 'C8', 'S3', 'C6', 'DQ'] Constraints=[RHO:[0, 0, 0, 0, 0, 1, 0, 0, 0, 6] LHO:[0, 1, 0, 0, 0, 1, 0, 1, 0, 8]] Depth=2 Confidence=0.0 Exploration=0.6
2026-03-06 16:06:53,528 INFO ACE-MCTS Response: CJ:1.0009(112) CK:1.0009(112) CJ:1.0009(88) Iterations=461 Passed=200 Depth=2 Relaxation=6 Time=0.1s
2026-03-06 16:07:05,277 INFO ACE-MCTS-Def Request: PBN=N:9.AJT962.AJ.T964 J6.Q843.Q9874.Q3 ... ... Contract=6HS Player=2 Played=['D2', 'DA'] Constraints=[Decl:[4, 8, 0, 1, 0, 5, 1, 6, 0, 6] Partner:[2, 6, 2, 3, 0, 5, 1, 6, 17, 24]] Depth=2 Confidence=0.0 Exploration=0.6
2026-03-06 16:07:06,741 INFO ACE-MCTS-Def Response: D8:1.0004(39) D7:1.0004(40) D4:1.0004(41) D7:1.0004(40) D9:1.0004(40) D8:1.0004(40) DQ:1.0004(40) Iterations=928 Passed=200 Depth=2 Relaxation=1 Time=1.5s
2026-03-06 16:07:10,841 INFO ACE-MCTS-Def Request: PBN=N:9.AJT962.AJ.T964 J6.Q843.Q9874.Q3 ... ... Contract=6HS Player=2 Played=['D2', 'DA', 'D4', 'D6', 'H2'] Constraints=[Decl:[4, 8, 0, 1, 0, 4, 1, 6, 0, 6] Partner:[2, 6, 2, 3, 0, 4, 1, 6, 17, 24]] Depth=2 Confidence=0.0 Exploration=0.6
2026-03-06 16:07:11,616 INFO ACE-MCTS-Def Response: H3:1.0005(50) H3:1.0005(50) H4:1.0005(50) H8:1.0005(50) HQ:1.0004(50) Iterations=1005 Passed=200 Depth=2 Relaxation=1 Time=0.8s
2026-03-06 16:07:16,681 INFO ACE-MCTS-Def Request: PBN=N:9.AJT962.AJ.T964 ... ... T875432.5.KT2.52 Contract=6HS Player=0 Played=['D2', 'DA', 'D4', 'D6', 'H2', 'H3', 'HK', 'H5', 'H7'] Constraints=[Decl:[0, 4, 2, 3, 1, 6, 1, 6, 0, 7] Partner:[1, 5, 2, 3, 0, 5, 1, 6, 17, 24]] Depth=2 Confidence=0.0 Exploration=0.6
2026-03-06 16:07:17,097 INFO ACE-MCTS-Def Response: S7:1.0004(21) C2:1.0004(20) DT:1.0004(21) S3:1.0003(22) S4:1.0003(22) S2:1.0003(22) S2:1.0003(22) S5:1.0003(22) S4:1.0003(21) C5:1.0003(15) ST:1.0003(14) S3:1.0003(16) S8:0.9375(16) S7:0.9375(16) DK:0.9167(12) Iterations=1891 Passed=200 Depth=2 Relaxation=2 Time=0.4s
2026-03-06 16:07:19,149 INFO ACE-MCTS-Def Request: PBN=N:9.AJT962.AJ.T964 J6.Q843.Q9874.Q3 ... ... Contract=6HS Player=2 Played=['D2', 'DA', 'D4', 'D6', 'H2', 'H3', 'HK', 'H5', 'H7', 'S2', 'HA'] Constraints=[Decl:[4, 8, 0, 0, 0, 4, 1, 6, 0, 3] Partner:[1, 5, 0, 0, 0, 4, 1, 6, 17, 24]] Depth=2 Confidence=0.0 Exploration=0.6
2026-03-06 16:07:19,683 INFO ACE-MCTS-Def Response: H8:1.0005(67) H4:1.0005(67) HQ:1.0004(66) Iterations=1565 Passed=200 Depth=2 Relaxation=2 Time=0.5s
2026-03-06 16:07:21,881 INFO ACE-MCTS-Def Request: PBN=N:9.AJT962.AJ.T964 J6.Q843.Q9874.Q3 ... ... Contract=6HS Player=2 Played=['D2', 'DA', 'D4', 'D6', 'H2', 'H3', 'HK', 'H5', 'H7', 'S2', 'HA', 'H4', 'S9'] Constraints=[Decl:[4, 8, 0, 0, 0, 4, 1, 6, 0, 3] Partner:[1, 5, 0, 0, 0, 4, 1, 6, 17, 24]] Depth=2 Confidence=0.0 Exploration=0.6
2026-03-06 16:07:22,315 INFO ACE-MCTS-Def Response: SJ:1.0005(91) S6:1.0005(109) Iterations=1352 Passed=200 Depth=2 Relaxation=2 Time=0.4s
2026-03-06 16:07:23,324 INFO ACE-MCTS-Def Request: PBN=N:9.AJT962.AJ.T964 ... ... T875432.5.KT2.52 Contract=6HS Player=0 Played=['D2', 'DA', 'D4', 'D6', 'H2', 'H3', 'HK', 'H5', 'H7', 'S2', 'HA', 'H4', 'S9', 'S6', 'SA'] Constraints=[Decl:[0, 3, 2, 2, 0, 6, 1, 6, 0, 3] Partner:[0, 3, 2, 2, 0, 6, 1, 6, 17, 24]] Depth=2 Confidence=0.0 Exploration=0.6
2026-03-06 16:07:23,685 INFO ACE-MCTS-Def Response: S3:1.0003(35) S7:1.0003(42) S8:1.0003(42) S3:1.0003(38) S4:1.0003(38) S5:1.0003(38) S7:0.9667(30) ST:0.9643(28) S4:0.9630(27) Iterations=885 Passed=200 Depth=2 Relaxation=4 Time=0.4s
2026-03-06 16:07:26,037 INFO ACE-MCTS-Def Request: PBN=N:9.AJT962.AJ.T964 ... ... T875432.5.KT2.52 Contract=6HS Player=0 Played=['D2', 'DA', 'D4', 'D6', 'H2', 'H3', 'HK', 'H5', 'H7', 'S2', 'HA', 'H4', 'S9', 'S6', 'SA', 'S3', 'SK'] Constraints=[Decl:[0, 2, 2, 2, 0, 6, 1, 6, 0, 0] Partner:[0, 2, 2, 2, 0, 6, 1, 6, 17, 24]] Depth=2 Confidence=0.0 Exploration=0.6
2026-03-06 16:07:26,324 INFO ACE-MCTS-Def Response: S5:1.0003(29) S4:1.0003(29) S7:1.0003(29) ST:1.0003(29) S8:1.0003(29) S5:1.0003(57) S4:1.0003(44) S8:1.0003(41) S7:0.9310(29) Iterations=1293 Passed=200 Depth=2 Relaxation=5 Time=0.3s
2026-03-06 16:07:29,067 INFO ACE-MCTS-Def Request: PBN=N:9.AJT962.AJ.T964 ... ... T875432.5.KT2.52 Contract=6HS Player=0 Played=['D2', 'DA', 'D4', 'D6', 'H2', 'H3', 'HK', 'H5', 'H7', 'S2', 'HA', 'H4', 'S9', 'S6', 'SA', 'S3', 'SK', 'S4', 'DJ', 'SJ', 'CA'] Constraints=[Decl:[0, 1, 2, 2, 0, 5, 0, 5, 0, 0] Partner:[0, 1, 2, 2, 1, 6, 1, 6, 16, 23]] Depth=2 Confidence=0.0 Exploration=0.6
2026-03-06 16:07:29,323 INFO ACE-MCTS-Def Response: C5:0.8406(138) C2:0.7581(62) Iterations=870 Passed=200 Depth=2 Relaxation=6 Time=0.3s
2026-03-06 16:07:30,490 INFO ACE-MCTS-Def Request: PBN=N:9.AJT962.AJ.T964 J6.Q843.Q9874.Q3 ... ... Contract=6HS Player=2 Played=['D2', 'DA', 'D4', 'D6', 'H2', 'H3', 'HK', 'H5', 'H7', 'S2', 'HA', 'H4', 'S9', 'S6', 'SA', 'S3', 'SK', 'S4', 'DJ', 'SJ', 'CA', 'C5', 'CT'] Constraints=[Decl:[2, 5, 0, 0, 0, 4, 0, 5, 0, 0] Partner:[0, 3, 0, 0, 0, 4, 0, 5, 17, 24]] Depth=2 Confidence=0.0 Exploration=0.6
2026-03-06 16:07:30,759 INFO ACE-MCTS-Def Response: C3:1.0003(100) CQ:0.9800(100) Iterations=2255 Passed=200 Depth=2 Relaxation=6 Time=0.3s
2026-03-06 16:07:31,945 INFO ACE-MCTS-Def Request: PBN=N:9.AJT962.AJ.T964 ... ... T875432.5.KT2.52 Contract=6HS Player=0 Played=['D2', 'DA', 'D4', 'D6', 'H2', 'H3', 'HK', 'H5', 'H7', 'S2', 'HA', 'H4', 'S9', 'S6', 'SA', 'S3', 'SK', 'S4', 'DJ', 'SJ', 'CA', 'C5', 'CT', 'C3', 'SQ'] Constraints=[Decl:[0, 0, 2, 2, 1, 5, 0, 5, 0, 0] Partner:[0, 0, 2, 2, 1, 5, 0, 5, 16, 23]] Depth=2 Confidence=0.0 Exploration=0.6
2026-03-06 16:07:32,101 INFO ACE-MCTS-Def Response: S7:0.9254(67) S5:0.9254(67) ST:0.9254(67) S8:0.9254(67) S7:0.9245(53) S5:0.9400(50) S8:0.9000(30) Iterations=1615 Passed=200 Depth=2 Relaxation=6 Time=0.2s
2026-03-06 16:07:32,701 INFO ACE-MCTS-Def Request: PBN=N:9.AJT962.AJ.T964 J6.Q843.Q9874.Q3 ... ... Contract=6HS Player=2 Played=['D2', 'DA', 'D4', 'D6', 'H2', 'H3', 'HK', 'H5', 'H7', 'S2', 'HA', 'H4', 'S9', 'S6', 'SA', 'S3', 'SK', 'S4', 'DJ', 'SJ', 'CA', 'C5', 'CT', 'C3', 'SQ', 'S5', 'C6'] Constraints=[Decl:[1, 3, 0, 0, 0, 4, 0, 5, 0, 0] Partner:[0, 3, 0, 0, 0, 4, 0, 5, 17, 24]] Depth=2 Confidence=0.0 Exploration=0.6
2026-03-06 16:07:32,863 INFO ACE-MCTS-Def Response: H8:1.0003(29) D7:1.0002(28) D8:1.0002(29) DQ:1.0002(31) HQ:1.0002(29) D9:1.0002(24) D8:1.0002(24) D7:1.0002(24) CQ:1.0002(30) Iterations=1091 Passed=200 Depth=2 Relaxation=6 Time=0.2s
2026-03-06 16:07:33,472 INFO ACE-MCTS-Def Request: PBN=N:9.AJT962.AJ.T964 J6.Q843.Q9874.Q3 ... ... Contract=6HS Player=2 Played=['D2', 'DA', 'D4', 'D6', 'H2', 'H3', 'HK', 'H5', 'H7', 'S2', 'HA', 'H4', 'S9', 'S6', 'SA', 'S3', 'SK', 'S4', 'DJ', 'SJ', 'CA', 'C5', 'CT', 'C3', 'SQ', 'S5', 'C6', 'H8'] Constraints=[Decl:[1, 3, 0, 0, 0, 4, 0, 5, 0, 0] Partner:[0, 3, 0, 0, 0, 4, 0, 5, 17, 24]] Depth=2 Confidence=0.0 Exploration=0.6
2026-03-06 16:07:33,624 INFO ACE-MCTS-Def Response: D9:1.0003(28) D7:1.0003(28) D8:1.0003(28) D7:1.0003(34) CQ:1.0003(35) D8:1.0003(34) HQ:1.0003(34) DQ:1.0003(35) Iterations=1081 Passed=200 Depth=1 Relaxation=6 Time=0.2s
2026-03-06 16:07:34,921 INFO ACE-MCTS-Def Request: PBN=N:9.AJT962.AJ.T964 ... ... T875432.5.KT2.52 Contract=6HS Player=0 Played=['D2', 'DA', 'D4', 'D6', 'H2', 'H3', 'HK', 'H5', 'H7', 'S2', 'HA', 'H4', 'S9', 'S6', 'SA', 'S3', 'SK', 'S4', 'DJ', 'SJ', 'CA', 'C5', 'CT', 'C3', 'SQ', 'S5', 'C6', 'H8', 'CQ', 'CK', 'C2', 'C4', 'CJ'] Constraints=[Decl:[0, 0, 1, 1, 1, 6, 0, 2, 0, 0] Partner:[0, 0, 1, 1, 0, 5, 0, 2, 14, 21]] Depth=2 Confidence=0.0 Exploration=0.6
2026-03-06 16:07:35,050 INFO ACE-MCTS-Def Response: S7:1.0002(43) S8:1.0002(43) DT:1.0002(40) S7:1.0002(38) ST:1.0002(38) S8:1.0002(38) DK:1.0002(36) Iterations=943 Passed=200 Depth=2 Relaxation=7 Time=0.1s
2026-03-06 16:07:35,219 INFO ACE-MCTS-Def Request: PBN=N:9.AJT962.AJ.T964 J6.Q843.Q9874.Q3 ... ... Contract=6HS Player=2 Played=['D2', 'DA', 'D4', 'D6', 'H2', 'H3', 'HK', 'H5', 'H7', 'S2', 'HA', 'H4', 'S9', 'S6', 'SA', 'S3', 'SK', 'S4', 'DJ', 'SJ', 'CA', 'C5', 'CT', 'C3', 'SQ', 'S5', 'C6', 'H8', 'CQ', 'CK', 'C2', 'C4', 'CJ', 'S7', 'C9'] Constraints=[Decl:[1, 2, 0, 0, 0, 4, 0, 0, 0, 0] Partner:[0, 2, 0, 0, 0, 4, 0, 0, 17, 24]] Depth=2 Confidence=0.0 Exploration=0.6
2026-03-06 16:07:35,362 INFO ACE-MCTS-Def Response: HQ:1.0002(46) D8:1.0002(43) D7:1.0002(39) D7:1.0002(38) D9:1.0002(38) D8:1.0002(38) DQ:1.0002(34) Iterations=501 Passed=200 Depth=2 Relaxation=7 Time=0.1s
2026-03-06 16:07:36,112 INFO ACE-MCTS-Def Request: PBN=N:9.AJT962.AJ.T964 ... ... T875432.5.KT2.52 Contract=6HS Player=0 Played=['D2', 'DA', 'D4', 'D6', 'H2', 'H3', 'HK', 'H5', 'H7', 'S2', 'HA', 'H4', 'S9', 'S6', 'SA', 'S3', 'SK', 'S4', 'DJ', 'SJ', 'CA', 'C5', 'CT', 'C3', 'SQ', 'S5', 'C6', 'H8', 'CQ', 'CK', 'C2', 'C4', 'CJ', 'S7', 'C9', 'D7', 'C8'] Constraints=[Decl:[0, 0, 1, 1, 3, 5, 0, -1, 0, 0] Partner:[0, 0, 1, 1, 0, 3, 0, 0, 14, 21]] Depth=2 Confidence=0.0 Exploration=0.6
2026-03-06 16:07:36,243 INFO ACE-MCTS-Def Response: DT:1.0002(61) S8:1.0002(56) DK:1.0002(44) ST:1.0002(39) S8:1.0002(39) Iterations=760 Passed=200 Depth=2 Relaxation=7 Time=0.1s
2026-03-06 16:07:36,542 INFO ACE-MCTS-Def Request: PBN=N:9.AJT962.AJ.T964 J6.Q843.Q9874.Q3 ... ... Contract=6HS Player=2 Played=['D2', 'DA', 'D4', 'D6', 'H2', 'H3', 'HK', 'H5', 'H7', 'S2', 'HA', 'H4', 'S9', 'S6', 'SA', 'S3', 'SK', 'S4', 'DJ', 'SJ', 'CA', 'C5', 'CT', 'C3', 'SQ', 'S5', 'C6', 'H8', 'CQ', 'CK', 'C2', 'C4', 'CJ', 'S7', 'C9', 'D7', 'C8', 'DT', 'HJ'] Constraints=[Decl:[1, 2, 0, 0, 0, 3, 0, -1, 0, 0] Partner:[0, 2, 0, 0, 0, 3, 0, 0, 17, 24]] Depth=2 Confidence=0.0 Exploration=0.6
2026-03-06 16:07:36,674 INFO ACE-MCTS-Def Response: HQ:1.0002(54) D8:1.0002(53) DQ:1.0002(47) D8:1.0002(46) D9:1.0002(46) Iterations=501 Passed=200 Depth=2 Relaxation=7 Time=0.1s
2026-03-06 16:07:37,750 INFO ACE-MCTS-Def Request: PBN=N:9.AJT962.AJ.T964 ... ... T875432.5.KT2.52 Contract=6HS Player=0 Played=['D2', 'DA', 'D4', 'D6', 'H2', 'H3', 'HK', 'H5', 'H7', 'S2', 'HA', 'H4', 'S9', 'S6', 'SA', 'S3', 'SK', 'S4', 'DJ', 'SJ', 'CA', 'C5', 'CT', 'C3', 'SQ', 'S5', 'C6', 'H8', 'CQ', 'CK', 'C2', 'C4', 'CJ', 'S7', 'C9', 'D7', 'C8', 'DT', 'HJ', 'D8', 'HT', 'HQ', 'D5'] Constraints=[Decl:[0, 0, 0, 0, 2, 3, 0, -1, 0, 0] Partner:[0, 0, 0, 0, 0, 1, 0, 0, 12, 19]] Depth=2 Confidence=0.0 Exploration=0.6
2026-03-06 16:07:37,879 INFO ACE-MCTS-Def Response: DK:1.0002(83) S8:1.0002(61) ST:1.0002(61) S8:1.0002(56) Iterations=555 Passed=200 Depth=2 Relaxation=7 Time=0.1s
2026-03-06 16:07:38,397 INFO ACE-MCTS-Def Request: PBN=N:9.AJT962.AJ.T964 J6.Q843.Q9874.Q3 ... ... Contract=6HS Player=2 Played=['D2', 'DA', 'D4', 'D6', 'H2', 'H3', 'HK', 'H5', 'H7', 'S2', 'HA', 'H4', 'S9', 'S6', 'SA', 'S3', 'SK', 'S4', 'DJ', 'SJ', 'CA', 'C5', 'CT', 'C3', 'SQ', 'S5', 'C6', 'H8', 'CQ', 'CK', 'C2', 'C4', 'CJ', 'S7', 'C9', 'D7', 'C8', 'DT', 'HJ', 'D8', 'HT', 'HQ', 'D5', 'ST'] Constraints=[Decl:[1, 1, 0, 0, 0, 2, 0, -1, 0, 0] Partner:[0, -1, 0, 0, 0, 2, 0, 0, 17, 24]] Depth=2 Confidence=0.0 Exploration=0.6
2026-03-06 16:07:38,528 INFO ACE-MCTS-Def Response: D9:1.0002(112) DQ:1.0002(112) D9:1.0002(88) Iterations=742 Passed=200 Depth=1 Relaxation=7 Time=0.1s
2026-03-06 16:07:57,739 INFO ACE-MCTS Request: PBN=N:AK6.Q7.KQ8.K8532 ... Q8752.AKJT.765.A ... Contract=6SE Played=['CJ'] Constraints=[RHO:[0, 5, 0, 7, 0, 7, 1, 6, 0, 11] LHO:[0, 5, 0, 7, 0, 7, 0, 5, 0, 9]] Depth=2 Confidence=0.0 Exploration=0.6
2026-03-06 16:07:59,099 INFO ACE-MCTS Response: C8:0.7414(58) C2:0.7544(57) C3:0.7045(44) C2:0.7045(44) C5:0.6897(29) CK:0.5833(12) Iterations=214 Passed=200 Depth=2 Relaxation=0 Time=1.4s
2026-03-06 16:08:02,963 INFO ACE-MCTS Request: PBN=N:AK6.Q7.KQ8.K8532 ... Q8752.AKJT.765.A ... Contract=6SE Played=['CJ', 'C8', 'C9', 'CA'] Constraints=[RHO:[0, 5, 0, 7, 0, 6, 3, 5, 0, 11] LHO:[0, 5, 0, 7, 1, 7, 0, 2, 0, 9]] Depth=2 Confidence=0.0 Exploration=0.6
2026-03-06 16:08:04,208 INFO ACE-MCTS Response: HT:0.7222(36) HK:0.6552(29) HA:0.6552(29) S7:0.6071(28) S8:0.6071(28) D5:0.6250(24) S7:0.6000(20) HK:0.5500(20) S5:0.5833(12) D6:0.4545(11) D5:0.4545(11) D7:0.4545(11) SQ:0.4545(11) S2:-0.0002(3) HT:-0.0002(3) HJ:-0.0002(3) D6:-0.0002(3) Iterations=1445 Passed=200 Depth=1 Relaxation=0 Time=1.2s
2026-03-06 16:08:07,634 INFO ACE-MCTS Request: PBN=N:AK6.Q7.KQ8.K8532 ... Q8752.AKJT.765.A ... Contract=6SE Played=['CJ', 'C8', 'C9', 'CA', 'HA', 'H9'] Constraints=[RHO:[0, 5, 0, 6, 0, 6, 3, 5, 0, 11] LHO:[0, 5, 0, 6, 1, 7, 0, 2, 0, 9]] Depth=2 Confidence=0.0 Exploration=0.6
2026-03-06 16:08:08,699 INFO ACE-MCTS Response: H7:0.7279(136) HQ:0.6719(64) Iterations=1313 Passed=200 Depth=2 Relaxation=0 Time=1.1s
2026-03-06 16:08:11,596 INFO ACE-MCTS Request: PBN=N:AK6.Q7.KQ8.K8532 ... Q8752.AKJT.765.A ... Contract=6SE Played=['CJ', 'C8', 'C9', 'CA', 'HA', 'H9', 'H7', 'H6'] Constraints=[RHO:[0, 4, 0, 5, 0, 6, 3, 5, 0, 11] LHO:[1, 5, 0, 5, 1, 7, 0, 2, 0, 9]] Depth=2 Confidence=0.0 Exploration=0.6
2026-03-06 16:08:12,381 INFO ACE-MCTS Response: HT:0.8056(36) HK:0.7714(35) HJ:0.7742(31) HT:0.7742(31) S7:0.8148(27) D6:0.7200(25) S7:0.6667(15) S8:0.6667(15) SQ:0.6429(14) S2:0.4286(7) D5:0.2500(4) S5:0.2500(4) D7:-0.0002(2) D6:-0.0002(2) D5:-0.0002(2) Iterations=1357 Passed=200 Depth=1 Relaxation=0 Time=0.8s
2026-03-06 16:08:16,986 INFO ACE-MCTS Request: PBN=N:AK6.Q7.KQ8.K8532 ... Q8752.AKJT.765.A ... Contract=6SE Played=['CJ', 'C8', 'C9', 'CA', 'HA', 'H9', 'H7', 'H6', 'HT', 'H3', 'HQ', 'H2'] Constraints=[RHO:[0, 4, 0, 3, 0, 6, 3, 5, 0, 11] LHO:[1, 5, 0, 3, 1, 7, 0, 2, 0, 9]] Depth=2 Confidence=0.0 Exploration=0.6
2026-03-06 16:08:17,565 INFO ACE-MCTS Response: DQ:0.7297(37) DK:0.6857(35) DQ:0.6857(35) C2:0.6875(32) SK:0.8261(23) C5:0.6316(19) S6:0.5625(16) C2:0.5625(16) SK:0.5625(16) C3:0.5625(16) SA:0.5625(16) CK:-0.0002(3) D8:-0.0002(3) Iterations=602 Passed=200 Depth=1 Relaxation=1 Time=0.6s
2026-03-06 16:08:21,161 INFO ACE-MCTS Request: PBN=N:AK6.Q7.KQ8.K8532 ... Q8752.AKJT.765.A ... Contract=6SE Played=['CJ', 'C8', 'C9', 'CA', 'HA', 'H9', 'H7', 'H6', 'HT', 'H3', 'HQ', 'H2', 'DK', 'D9', 'D7', 'D2'] Constraints=[RHO:[0, 3, 0, 3, 1, 5, 3, 5, 0, 11] LHO:[2, 5, 0, 3, 0, 4, 0, 2, 0, 9]] Depth=2 Confidence=0.0 Exploration=0.6
2026-03-06 16:08:21,554 INFO ACE-MCTS Response: SK:0.9516(62) SA:0.9516(62) SK:0.8889(36) S6:0.7692(26) C2:0.8333(24) CK:0.8333(18) C5:0.7059(17) C3:0.6000(10) C2:0.6000(10) DQ:0.4000(5) D8:-0.0002(2) Iterations=597 Passed=200 Depth=1 Relaxation=1 Time=0.4s
2026-03-06 16:08:23,156 INFO ACE-MCTS Request: PBN=N:AK6.Q7.KQ8.K8532 ... Q8752.AKJT.765.A ... Contract=6SE Played=['CJ', 'C8', 'C9', 'CA', 'HA', 'H9', 'H7', 'H6', 'HT', 'H3', 'HQ', 'H2', 'DK', 'D9', 'D7', 'D2', 'SA', 'S4'] Constraints=[RHO:[1, 3, 0, 3, 1, 5, 3, 5, 0, 11] LHO:[2, 4, 0, 3, 0, 4, 0, 2, 0, 9]] Depth=2 Confidence=0.0 Exploration=0.6
2026-03-06 16:08:23,505 INFO ACE-MCTS Response: S7:1.0009(54) S7:0.9836(61) S8:0.9836(61) S2:0.9804(51) S5:0.8235(17) SQ:0.7647(17) Iterations=634 Passed=200 Depth=2 Relaxation=1 Time=0.3s
2026-03-06 16:08:25,761 INFO ACE-MCTS Request: PBN=N:AK6.Q7.KQ8.K8532 ... Q8752.AKJT.765.A ... Contract=6SE Played=['CJ', 'C8', 'C9', 'CA', 'HA', 'H9', 'H7', 'H6', 'HT', 'H3', 'HQ', 'H2', 'DK', 'D9', 'D7', 'D2', 'SA', 'S4', 'S7', 'S3'] Constraints=[RHO:[1, 3, 0, 3, 1, 5, 3, 5, 0, 11] LHO:[2, 3, 0, 3, 0, 4, 0, 2, 0, 9]] Depth=2 Confidence=0.0 Exploration=0.6
2026-03-06 16:08:25,952 INFO ACE-MCTS Response: CK:0.9302(43) C5:0.9524(42) S6:0.8966(29) C2:0.8966(29) C3:0.8966(29) C2:0.9286(28) SK:0.8400(25) DQ:-0.0002(2) D8:-0.0002(2) Iterations=560 Passed=200 Depth=1 Relaxation=1 Time=0.2s
2026-03-06 16:08:26,568 INFO ACE-MCTS Request: PBN=N:AK6.Q7.KQ8.K8532 ... Q8752.AKJT.765.A ... Contract=6SE Played=['CJ', 'C8', 'C9', 'CA', 'HA', 'H9', 'H7', 'H6', 'HT', 'H3', 'HQ', 'H2', 'DK', 'D9', 'D7', 'D2', 'SA', 'S4', 'S7', 'S3', 'C5', 'CQ'] Constraints=[RHO:[1, 3, 0, 3, 1, 5, 2, 4, 0, 9] LHO:[2, 3, 0, 3, 0, 4, 0, 2, 0, 9]] Depth=2 Confidence=0.0 Exploration=0.6
2026-03-06 16:08:26,758 INFO ACE-MCTS Response: S5:0.9041(73) S2:0.9041(73) S8:0.8873(71) S2:0.8250(40) SQ:0.5000(8) D5:-0.0002(2) D5:-0.0002(2) D6:-0.0002(2) HJ:-0.0002(2) HJ:-0.0002(2) HK:-0.0002(2) Iterations=444 Passed=200 Depth=2 Relaxation=1 Time=0.2s
2026-03-06 16:08:28,259 INFO ACE-MCTS Request: PBN=N:AK6.Q7.KQ8.K8532 ... Q8752.AKJT.765.A ... Contract=6SE Played=['CJ', 'C8', 'C9', 'CA', 'HA', 'H9', 'H7', 'H6', 'HT', 'H3', 'HQ', 'H2', 'DK', 'D9', 'D7', 'D2', 'SA', 'S4', 'S7', 'S3', 'C5', 'CQ', 'S5', 'CT'] Constraints=[RHO:[1, 3, 0, 3, 1, 5, 2, 3, 0, 9] LHO:[2, 3, 0, 3, 0, 4, 0, 1, 0, 9]] Depth=2 Confidence=0.0 Exploration=0.6
2026-03-06 16:08:28,428 INFO ACE-MCTS Response: S8:0.8701(77) S2:0.8039(51) HJ:0.7273(22) HJ:0.6818(22) HK:0.6818(22) SQ:0.6154(13) D5:0.5000(8) D6:0.5000(8) D5:0.4286(7) Iterations=503 Passed=200 Depth=1 Relaxation=2 Time=0.2s
2026-03-06 16:08:28,865 INFO ACE-MCTS Request: PBN=N:AK6.Q7.KQ8.K8532 ... Q8752.AKJT.765.A ... Contract=6SE Played=['CJ', 'C8', 'C9', 'CA', 'HA', 'H9', 'H7', 'H6', 'HT', 'H3', 'HQ', 'H2', 'DK', 'D9', 'D7', 'D2', 'SA', 'S4', 'S7', 'S3', 'C5', 'CQ', 'S5', 'CT', 'S8', 'SJ'] Constraints=[RHO:[1, 2, 0, 3, 0, 5, 2, 3, 0, 9] LHO:[2, 2, 0, 3, 0, 5, 0, 1, 0, 8]] Depth=2 Confidence=0.0 Exploration=0.6
2026-03-06 16:08:29,030 INFO ACE-MCTS Response: SK:0.8359(195) S6:-0.0002(5) Iterations=414 Passed=200 Depth=2 Relaxation=2 Time=0.2s
2026-03-06 16:08:29,711 INFO ACE-MCTS Request: PBN=N:AK6.Q7.KQ8.K8532 ... Q8752.AKJT.765.A ... Contract=6SE Played=['CJ', 'C8', 'C9', 'CA', 'HA', 'H9', 'H7', 'H6', 'HT', 'H3', 'HQ', 'H2', 'DK', 'D9', 'D7', 'D2', 'SA', 'S4', 'S7', 'S3', 'C5', 'CQ', 'S5', 'CT', 'S8', 'SJ', 'SK', 'S9'] Constraints=[RHO:[1, 1, 0, 3, 0, 4, 2, 3, 0, 9] LHO:[1, 1, 0, 3, 1, 5, 0, 1, 0, 8]] Depth=2 Confidence=0.0 Exploration=0.6
2026-03-06 16:08:29,871 INFO ACE-MCTS Response: CK:0.9277(83) C2:0.9032(62) C3:0.9000(40) C2:0.9000(40) S6:0.6000(10) D8:-0.0002(2) DQ:-0.0002(3) Iterations=477 Passed=200 Depth=1 Relaxation=2 Time=0.2s
2026-03-06 16:08:30,208 INFO ACE-MCTS Request: PBN=N:AK6.Q7.KQ8.K8532 ... Q8752.AKJT.765.A ... Contract=6SE Played=['CJ', 'C8', 'C9', 'CA', 'HA', 'H9', 'H7', 'H6', 'HT', 'H3', 'HQ', 'H2', 'DK', 'D9', 'D7', 'D2', 'SA', 'S4', 'S7', 'S3', 'C5', 'CQ', 'S5', 'CT', 'S8', 'SJ', 'SK', 'S9', 'CK', 'ST'] Constraints=[RHO:[0, 0, 0, 3, 1, 5, 0, 0, 0, 9] LHO:[0, 0, 0, 3, 0, 4, 2, 3, 0, 8]] Depth=2 Confidence=0.0 Exploration=0.6
2026-03-06 16:08:30,356 INFO ACE-MCTS Response: SQ:1.0009(190) D5:-0.0002(2) S2:-0.0002(2) HJ:-0.0002(2) D5:-0.0002(2) D6:-0.0002(2) HJ:-0.0002(2) HK:-0.0002(2) Iterations=302 Passed=200 Depth=2 Relaxation=3 Time=0.2s
2026-03-06 16:08:31,065 INFO ACE-MCTS Request: PBN=N:AK6.Q7.KQ8.K8532 ... Q8752.AKJT.765.A ... Contract=6SE Played=['CJ', 'C8', 'C9', 'CA', 'HA', 'H9', 'H7', 'H6', 'HT', 'H3', 'HQ', 'H2', 'DK', 'D9', 'D7', 'D2', 'SA', 'S4', 'S7', 'S3', 'C5', 'CQ', 'S5', 'CT', 'S8', 'SJ', 'SK', 'S9', 'CK', 'ST', 'SQ', 'C7'] Constraints=[RHO:[0, 0, 0, 3, 1, 5, 0, 0, 0, 9] LHO:[0, 0, 0, 3, 0, 4, 1, 2, 0, 8]] Depth=2 Confidence=0.0 Exploration=0.6
2026-03-06 16:08:31,214 INFO ACE-MCTS Response: HJ:1.0009(104) HK:1.0009(87) HJ:1.0009(87) D5:0.4000(5) D6:-0.0002(2) D5:-0.0002(2) S2:-0.0002(2) Iterations=300 Passed=200 Depth=1 Relaxation=3 Time=0.1s
2026-03-06 16:08:31,503 INFO ACE-MCTS Request: PBN=N:AK6.Q7.KQ8.K8532 ... Q8752.AKJT.765.A ... Contract=6SE Played=['CJ', 'C8', 'C9', 'CA', 'HA', 'H9', 'H7', 'H6', 'HT', 'H3', 'HQ', 'H2', 'DK', 'D9', 'D7', 'D2', 'SA', 'S4', 'S7', 'S3', 'C5', 'CQ', 'S5', 'CT', 'S8', 'SJ', 'SK', 'S9', 'CK', 'ST', 'SQ', 'C7', 'HK', 'H8'] Constraints=[RHO:[0, 0, 0, 2, 2, 5, 0, 0, 0, 9] LHO:[0, 0, 0, 2, 0, 3, 1, 2, 0, 8]] Depth=2 Confidence=0.0 Exploration=0.6
2026-03-06 16:08:31,644 INFO ACE-MCTS Response: C2:1.0009(52) C3:1.0009(52) D8:1.0009(52) DQ:1.0009(52) C2:1.0009(41) S6:0.3333(3) Iterations=301 Passed=200 Depth=2 Relaxation=3 Time=0.1s
2026-03-06 16:08:32,278 INFO ACE-MCTS Request: PBN=N:AK6.Q7.KQ8.K8532 ... Q8752.AKJT.765.A ... Contract=6SE Played=['CJ', 'C8', 'C9', 'CA', 'HA', 'H9', 'H7', 'H6', 'HT', 'H3', 'HQ', 'H2', 'DK', 'D9', 'D7', 'D2', 'SA', 'S4', 'S7', 'S3', 'C5', 'CQ', 'S5', 'CT', 'S8', 'SJ', 'SK', 'S9', 'CK', 'ST', 'SQ', 'C7', 'HK', 'H8', 'D8', 'H4'] Constraints=[RHO:[0, 0, 0, 1, 2, 5, 0, 0, 0, 9] LHO:[0, 0, 0, 1, 0, 3, 1, 2, 0, 8]] Depth=2 Confidence=0.0 Exploration=0.6
2026-03-06 16:08:32,414 INFO ACE-MCTS Response: D5:1.0009(82) D6:1.0009(82) D5:1.0009(66) HJ:1.0009(49) S2:-0.0002(3) Iterations=300 Passed=200 Depth=1 Relaxation=3 Time=0.1s
2026-03-06 16:08:32,602 INFO ACE-MCTS Request: PBN=N:AK6.Q7.KQ8.K8532 ... Q8752.AKJT.765.A ... Contract=6SE Played=['CJ', 'C8', 'C9', 'CA', 'HA', 'H9', 'H7', 'H6', 'HT', 'H3', 'HQ', 'H2', 'DK', 'D9', 'D7', 'D2', 'SA', 'S4', 'S7', 'S3', 'C5', 'CQ', 'S5', 'CT', 'S8', 'SJ', 'SK', 'S9', 'CK', 'ST', 'SQ', 'C7', 'HK', 'H8', 'D8', 'H4', 'HJ', 'H5'] Constraints=[RHO:[0, 0, 0, 0, 3, 5, 0, 0, 0, 9] LHO:[0, 0, 0, 0, 0, 2, 1, 2, 0, 8]] Depth=2 Confidence=0.0 Exploration=0.6
2026-03-06 16:08:32,734 INFO ACE-MCTS Response: C2:1.0009(59) C3:1.0009(81) C2:1.0009(81) DQ:1.0009(57) S6:-0.0002(3) Iterations=350 Passed=200 Depth=2 Relaxation=4 Time=0.1s
2026-03-06 16:08:33,467 INFO ACE-MCTS Request: PBN=N:AK6.Q7.KQ8.K8532 ... Q8752.AKJT.765.A ... Contract=6SE Played=['CJ', 'C8', 'C9', 'CA', 'HA', 'H9', 'H7', 'H6', 'HT', 'H3', 'HQ', 'H2', 'DK', 'D9', 'D7', 'D2', 'SA', 'S4', 'S7', 'S3', 'C5', 'CQ', 'S5', 'CT', 'S8', 'SJ', 'SK', 'S9', 'CK', 'ST', 'SQ', 'C7', 'HK', 'H8', 'D8', 'H4', 'HJ', 'H5', 'C2', 'D4'] Constraints=[RHO:[0, 0, 0, 0, 2, 4, 0, 0, 0, 9] LHO:[0, 0, 0, 0, 0, 2, 1, 2, 0, 8]] Depth=2 Confidence=0.0 Exploration=0.6
2026-03-06 16:08:33,601 INFO ACE-MCTS Response: D5:1.0009(98) D5:1.0009(98) D6:1.0009(98) S2:-0.0002(4) Iterations=350 Passed=200 Depth=1 Relaxation=4 Time=0.1s
2026-03-06 16:08:35,123 INFO ACE-MCTS Request: PBN=N:AK6.Q7.KQ8.K8532 ... Q8752.AKJT.765.A ... Contract=6SE Played=['CJ', 'C8', 'C9', 'CA', 'HA', 'H9', 'H7', 'H6', 'HT', 'H3', 'HQ', 'H2', 'DK', 'D9', 'D7', 'D2', 'SA', 'S4', 'S7', 'S3', 'C5', 'CQ', 'S5', 'CT', 'S8', 'SJ', 'SK', 'S9', 'CK', 'ST', 'SQ', 'C7', 'HK', 'H8', 'D8', 'H4', 'HJ', 'H5', 'C2', 'D4', 'D5', 'DT', 'DQ', 'DA', 'DJ', 'D6', 'C6'] Constraints=[RHO:[0, 0, 0, 0, 0, 1, 0, 0, 0, 4] LHO:[0, 0, 0, 0, 0, 0, 0, 1, 0, 8]] Depth=2 Confidence=0.0 Exploration=0.6
2026-03-06 16:08:35,252 INFO ACE-MCTS Response: S6:1.0009(194) C3:-0.0002(6) Iterations=401 Passed=200 Depth=2 Relaxation=4 Time=0.1s
2026-03-06 16:08:56,906 INFO ACE-MCTS-Def Request: PBN=N:AK6.Q7.KQ8.K8532 T94.642.AJ943.Q9 ... ... Contract=6SS Player=2 Played=['CJ', 'C8'] Constraints=[Decl:[2, 2, 2, 6, 4, 5, 0, 3, 0, 9] Partner:[5, 5, 2, 6, 0, 1, 1, 5, 6, 17]] Depth=2 Confidence=0.0 Exploration=0.6
2026-03-06 16:08:59,006 INFO ACE-MCTS-Def Response: C9:1.0005(92) CQ:1.0005(95) Iterations=749 Passed=187 Depth=2 Relaxation=1 Time=2.1s
2026-03-06 16:09:02,854 INFO ACE-MCTS-Def Request: PBN=N:AK6.Q7.KQ8.K8532 ... ... J3.9853.T2.JT764 Contract=6SS Player=0 Played=['CJ', 'C8', 'C9', 'CA', 'S2'] Constraints=[Decl:[2, 3, 1, 4, 4, 7, 0, 1, 0, 8] Partner:[5, 6, 3, 6, 1, 4, 0, 1, 9, 17]] Depth=2 Confidence=0.0 Exploration=0.6
2026-03-06 16:09:03,959 INFO ACE-MCTS-Def Response: S3:1.0004(106) SJ:0.9894(94) Iterations=1018 Passed=200 Depth=2 Relaxation=1 Time=1.1s
2026-03-06 16:09:06,825 INFO ACE-MCTS-Def Request: PBN=N:AK6.Q7.KQ8.K8532 T94.642.AJ943.Q9 ... ... Contract=6SS Player=2 Played=['CJ', 'C8', 'C9', 'CA', 'S2', 'S3', 'SA'] Constraints=[Decl:[2, 2, 2, 6, 4, 5, 0, 2, 0, 5] Partner:[5, 5, 2, 6, 0, 1, 1, 4, 6, 17]] Depth=2 Confidence=0.0 Exploration=0.6
2026-03-06 16:09:07,502 INFO ACE-MCTS-Def Response: S4:1.0004(65) S9:1.0004(71) ST:1.0004(71) S9:1.0004(64) Iterations=599 Passed=200 Depth=2 Relaxation=2 Time=0.7s
2026-03-06 16:09:10,282 INFO ACE-MCTS-Def Request: PBN=N:AK6.Q7.KQ8.K8532 T94.642.AJ943.Q9 ... ... Contract=6SS Player=2 Played=['CJ', 'C8', 'C9', 'CA', 'S2', 'S3', 'SA', 'S4', 'H7'] Constraints=[Decl:[2, 2, 2, 6, 4, 5, 0, 2, 0, 5] Partner:[5, 5, 2, 6, 0, 1, 1, 4, 6, 17]] Depth=2 Confidence=0.0 Exploration=0.6
2026-03-06 16:09:10,838 INFO ACE-MCTS-Def Response: H2:1.0004(67) H6:1.0004(66) H4:1.0004(67) Iterations=479 Passed=200 Depth=2 Relaxation=2 Time=0.6s
2026-03-06 16:09:13,864 INFO ACE-MCTS-Def Request: PBN=N:AK6.Q7.KQ8.K8532 ... ... J3.9853.T2.JT764 Contract=6SS Player=0 Played=['CJ', 'C8', 'C9', 'CA', 'S2', 'S3', 'SA', 'S4', 'H7', 'H4', 'HA'] Constraints=[Decl:[3, 3, 1, 3, 4, 6, 0, 1, 0, 4] Partner:[5, 5, 2, 4, 2, 4, 0, 1, 9, 17]] Depth=2 Confidence=0.0 Exploration=0.6
2026-03-06 16:09:14,367 INFO ACE-MCTS-Def Response: H8:0.9855(69) H9:0.9855(69) H8:0.9200(50) H3:0.9318(44) H5:0.8919(37) Iterations=752 Passed=200 Depth=2 Relaxation=3 Time=0.5s
2026-03-06 16:09:17,273 INFO ACE-MCTS-Def Request: PBN=N:AK6.Q7.KQ8.K8532 ... ... J3.9853.T2.JT764 Contract=6SS Player=0 Played=['CJ', 'C8', 'C9', 'CA', 'S2', 'S3', 'SA', 'S4', 'H7', 'H4', 'HA', 'H9', 'HJ'] Constraints=[Decl:[3, 3, 0, 2, 4, 7, 0, 1, 0, 3] Partner:[5, 5, 2, 4, 1, 4, 0, 1, 9, 17]] Depth=2 Confidence=0.0 Exploration=0.6
2026-03-06 16:09:17,639 INFO ACE-MCTS-Def Response: H3:1.0003(69) H8:1.0003(69) H5:0.9677(62) H3:0.9677(62) Iterations=1049 Passed=200 Depth=2 Relaxation=3 Time=0.4s
2026-03-06 16:09:18,184 INFO ACE-MCTS-Def Request: PBN=N:AK6.Q7.KQ8.K8532 T94.642.AJ943.Q9 ... ... Contract=6SS Player=2 Played=['CJ', 'C8', 'C9', 'CA', 'S2', 'S3', 'SA', 'S4', 'H7', 'H4', 'HA', 'H9', 'HJ', 'H8', 'HQ'] Constraints=[Decl:[2, 2, 0, 4, 4, 5, 0, 2, 0, 0] Partner:[5, 5, 0, 4, 0, 1, 1, 4, 6, 17]] Depth=2 Confidence=0.0 Exploration=0.6
2026-03-06 16:09:18,484 INFO ACE-MCTS-Def Response: H2:1.0005(91) H6:1.0004(109) Iterations=2253 Passed=200 Depth=2 Relaxation=3 Time=0.3s
2026-03-06 16:09:21,830 INFO ACE-MCTS-Def Request: PBN=N:AK6.Q7.KQ8.K8532 ... ... J3.9853.T2.JT764 Contract=6SS Player=0 Played=['CJ', 'C8', 'C9', 'CA', 'S2', 'S3', 'SA', 'S4', 'H7', 'H4', 'HA', 'H9', 'HJ', 'H8', 'HQ', 'H2', 'CK', 'CQ', 'D7'] Constraints=[Decl:[3, 3, 0, 2, 3, 5, 0, 0, 0, 3] Partner:[5, 5, 1, 3, 2, 4, 0, 0, 7, 15]] Depth=2 Confidence=0.0 Exploration=0.6
2026-03-06 16:09:22,127 INFO ACE-MCTS-Def Response: C6:0.8103(58) C4:0.8333(54) C7:0.8333(54) CT:0.8235(34) C7:0.8235(34) C6:0.8235(34) Iterations=894 Passed=200 Depth=2 Relaxation=3 Time=0.3s
2026-03-06 16:09:25,815 INFO ACE-MCTS-Def Request: PBN=N:AK6.Q7.KQ8.K8532 ... ... J3.9853.T2.JT764 Contract=6SS Player=0 Played=['CJ', 'C8', 'C9', 'CA', 'S2', 'S3', 'SA', 'S4', 'H7', 'H4', 'HA', 'H9', 'HJ', 'H8', 'HQ', 'H2', 'CK', 'CQ', 'D7', 'C4', 'SK', 'S9', 'S8', 'SJ', 'S6', 'ST', 'SQ'] Constraints=[Decl:[2, 2, 0, 3, 3, 7, 0, 0, 0, 1] Partner:[2, 2, 0, 3, 0, 5, 0, 0, 7, 15]] Depth=2 Confidence=0.0 Exploration=0.6
2026-03-06 16:09:26,017 INFO ACE-MCTS-Def Response: C6:1.0003(31) C7:1.0003(31) CT:1.0003(31) H3:1.0003(29) H5:1.0003(29) DT:0.9730(37) H3:0.9655(29) C7:0.9600(25) D2:0.9200(25) C6:0.9583(24) Iterations=1144 Passed=200 Depth=2 Relaxation=4 Time=0.2s
2026-03-06 16:09:28,237 INFO ACE-MCTS-Def Request: PBN=N:AK6.Q7.KQ8.K8532 ... ... J3.9853.T2.JT764 Contract=6SS Player=0 Played=['CJ', 'C8', 'C9', 'CA', 'S2', 'S3', 'SA', 'S4', 'H7', 'H4', 'HA', 'H9', 'HJ', 'H8', 'HQ', 'H2', 'CK', 'CQ', 'D7', 'C4', 'SK', 'S9', 'S8', 'SJ', 'S6', 'ST', 'SQ', 'H5', 'HK', 'H3', 'C2', 'H6', 'HT'] Constraints=[Decl:[2, 2, 0, 0, 0, 6, 0, 0, 0, 0] Partner:[2, 2, 0, 0, 1, 7, 0, 0, 7, 15]] Depth=2 Confidence=0.0 Exploration=0.6
2026-03-06 16:09:28,422 INFO ACE-MCTS-Def Response: C7:0.8571(63) DT:0.8393(56) D2:0.8235(51) CT:0.7857(28) C6:0.7857(28) C7:0.7857(28) C6:-0.0009(2) Iterations=559 Passed=200 Depth=2 Relaxation=5 Time=0.2s
2026-03-06 16:09:28,874 INFO ACE-MCTS-Def Request: PBN=N:AK6.Q7.KQ8.K8532 T94.642.AJ943.Q9 ... ... Contract=6SS Player=2 Played=['CJ', 'C8', 'C9', 'CA', 'S2', 'S3', 'SA', 'S4', 'H7', 'H4', 'HA', 'H9', 'HJ', 'H8', 'HQ', 'H2', 'CK', 'CQ', 'D7', 'C4', 'SK', 'S9', 'S8', 'SJ', 'S6', 'ST', 'SQ', 'H5', 'HK', 'H3', 'C2', 'H6', 'HT', 'DT', 'C3'] Constraints=[Decl:[2, 2, 0, 0, 0, 2, 0, 0, 0, 0] Partner:[0, 0, 0, 0, 1, 3, 0, 0, 5, 16]] Depth=2 Confidence=0.0 Exploration=0.6
2026-03-06 16:09:29,068 INFO ACE-MCTS-Def Response: D4:-0.0009(40) D3:-0.0009(40) D3:-0.0009(40) D9:-0.0009(40) DJ:-0.0009(40) DA:-0.0010(40) Iterations=400 Passed=200 Depth=2 Relaxation=5 Time=0.2s
2026-03-06 16:09:30,091 INFO ACE-MCTS-Def Request: PBN=N:AK6.Q7.KQ8.K8532 T94.642.AJ943.Q9 ... ... Contract=6SS Player=2 Played=['CJ', 'C8', 'C9', 'CA', 'S2', 'S3', 'SA', 'S4', 'H7', 'H4', 'HA', 'H9', 'HJ', 'H8', 'HQ', 'H2', 'CK', 'CQ', 'D7', 'C4', 'SK', 'S9', 'S8', 'SJ', 'S6', 'ST', 'SQ', 'H5', 'HK', 'H3', 'C2', 'H6', 'HT', 'DT', 'C3', 'D3', 'D6', 'D2', 'DK'] Constraints=[Decl:[2, 2, 0, 0, 0, 1, 0, 0, 0, 0] Partner:[0, 0, 0, 0, 0, 1, 0, 0, 5, 16]] Depth=2 Confidence=0.0 Exploration=0.6
2026-03-06 16:09:30,247 INFO ACE-MCTS-Def Response: D4:-0.0009(50) D9:-0.0009(50) D9:-0.0009(50) DA:-0.0009(50) DJ:-0.0009(50) Iterations=401 Passed=200 Depth=2 Relaxation=5 Time=0.2s
2026-03-06 16:09:30,748 INFO ACE-MCTS-Def Request: PBN=N:AK6.Q7.KQ8.K8532 T94.642.AJ943.Q9 ... ... Contract=6SS Player=2 Played=['CJ', 'C8', 'C9', 'CA', 'S2', 'S3', 'SA', 'S4', 'H7', 'H4', 'HA', 'H9', 'HJ', 'H8', 'HQ', 'H2', 'CK', 'CQ', 'D7', 'C4', 'SK', 'S9', 'S8', 'SJ', 'S6', 'ST', 'SQ', 'H5', 'HK', 'H3', 'C2', 'H6', 'HT', 'DT', 'C3', 'D3', 'D6', 'D2', 'DK', 'DA'] Constraints=[Decl:[2, 2, 0, 0, 0, 1, 0, 0, 0, 0] Partner:[0, 0, 0, 0, 0, 1, 0, 0, 5, 16]] Depth=2 Confidence=0.0 Exploration=0.6
2026-03-06 16:09:30,877 INFO ACE-MCTS-Def Response: D4:-0.0009(67) D9:-0.0009(67) DJ:-0.0009(66) D9:-0.0009(66) Iterations=402 Passed=200 Depth=1 Relaxation=5 Time=0.1s
2026-03-06 16:09:31,102 INFO ACE-MCTS-Def Request: PBN=N:AK6.Q7.KQ8.K8532 ... ... J3.9853.T2.JT764 Contract=6SS Player=0 Played=['CJ', 'C8', 'C9', 'CA', 'S2', 'S3', 'SA', 'S4', 'H7', 'H4', 'HA', 'H9', 'HJ', 'H8', 'HQ', 'H2', 'CK', 'CQ', 'D7', 'C4', 'SK', 'S9', 'S8', 'SJ', 'S6', 'ST', 'SQ', 'H5', 'HK', 'H3', 'C2', 'H6', 'HT', 'DT', 'C3', 'D3', 'D6', 'D2', 'DK', 'DA', 'D4', 'D5'] Constraints=[Decl:[2, 2, 0, 0, 0, 2, 0, 0, 0, 0] Partner:[2, 2, 0, 0, 0, 2, 0, 0, 3, 11]] Depth=2 Confidence=0.0 Exploration=0.6
2026-03-06 16:09:31,234 INFO ACE-MCTS-Def Response: C6:0.4811(106) C7:0.4811(106) CT:0.4811(106) C6:0.5000(54) C7:0.4500(40) Iterations=402 Passed=200 Depth=2 Relaxation=5 Time=0.1s
2026-03-06 16:09:32,203 INFO ACE-MCTS-Def Request: PBN=N:AK6.Q7.KQ8.K8532 T94.642.AJ943.Q9 ... ... Contract=6SS Player=2 Played=['CJ', 'C8', 'C9', 'CA', 'S2', 'S3', 'SA', 'S4', 'H7', 'H4', 'HA', 'H9', 'HJ', 'H8', 'HQ', 'H2', 'CK', 'CQ', 'D7', 'C4', 'SK', 'S9', 'S8', 'SJ', 'S6', 'ST', 'SQ', 'H5', 'HK', 'H3', 'C2', 'H6', 'HT', 'DT', 'C3', 'D3', 'D6', 'D2', 'DK', 'DA', 'D4', 'D5', 'C6', 'D8', 'C5'] Constraints=[Decl:[2, 2, 0, 0, 0, 0, 0, 0, 0, 0] Partner:[0, 0, 0, 0, 0, 0, 0, -1, 5, 16]] Depth=2 Confidence=0.0 Exploration=0.6
2026-03-06 16:09:32,330 INFO ACE-MCTS-Def Response: D9:-0.0009(100) D9:-0.0009(100) DJ:-0.0009(100) Iterations=457 Passed=200 Depth=2 Relaxation=6 Time=0.1s
2026-03-06 16:09:32,637 INFO ACE-MCTS-Def Request: PBN=N:AK6.Q7.KQ8.K8532 ... ... J3.9853.T2.JT764 Contract=6SS Player=0 Played=['CJ', 'C8', 'C9', 'CA', 'S2', 'S3', 'SA', 'S4', 'H7', 'H4', 'HA', 'H9', 'HJ', 'H8', 'HQ', 'H2', 'CK', 'CQ', 'D7', 'C4', 'SK', 'S9', 'S8', 'SJ', 'S6', 'ST', 'SQ', 'H5', 'HK', 'H3', 'C2', 'H6', 'HT', 'DT', 'C3', 'D3', 'D6', 'D2', 'DK', 'DA', 'D4', 'D5', 'C6', 'D8', 'C5', 'D9', 'S7'] Constraints=[Decl:[1, 1, 0, 0, 0, 1, 0, 0, 0, 0] Partner:[1, 1, 0, 0, 0, 1, 0, 0, 3, 11]] Depth=2 Confidence=0.0 Exploration=0.6
2026-03-06 16:09:32,765 INFO ACE-MCTS-Def Response: C7:0.5205(171) CT:0.5205(171) C7:0.3793(29) Iterations=400 Passed=200 Depth=2 Relaxation=5 Time=0.1s
2026-03-06 16:09:43,849 INFO ACE-MCTS-Def Request: PBN=N:KJ93.87.A92.K865 QT4.Q6.K84.J9742 ... ... Contract=3NS Player=2 Played=['DJ', 'D9'] Constraints=[Decl:[2, 5, 3, 6, 1, 6, 0, 3, 1, 9] Partner:[1, 4, 3, 6, 0, 5, 1, 4, 11, 19]] Depth=2 Confidence=0.0 Exploration=0.6
2026-03-06 16:09:45,852 INFO ACE-MCTS-Def Response: D4:1.0006(66) D8:1.0006(66) DK:1.0006(68) Iterations=616 Passed=200 Depth=2 Relaxation=0 Time=2.0s
2026-03-06 16:09:49,108 INFO ACE-MCTS-Def Request: PBN=N:KJ93.87.A92.K865 QT4.Q6.K84.J9742 ... ... Contract=3NS Player=2 Played=['DJ', 'D9', 'DK', 'D7'] Constraints=[Decl:[2, 5, 4, 6, 0, 2, 1, 4, 1, 9] Partner:[1, 4, 3, 5, 3, 5, 0, 3, 11, 19]] Depth=2 Confidence=0.0 Exploration=0.6
2026-03-06 16:09:50,430 INFO ACE-MCTS-Def Response: D8:0.9697(33) D4:0.9231(26) CJ:0.8800(25) C9:0.8750(24) C2:0.8500(20) C4:0.8333(18) HQ:0.7692(13) H6:0.7273(11) C7:0.7273(11) ST:0.7143(7) S4:0.5000(6) SQ:0.5000(6) Iterations=722 Passed=200 Depth=1 Relaxation=1 Time=1.3s
2026-03-06 16:09:52,912 INFO ACE-MCTS-Def Request: PBN=N:KJ93.87.A92.K865 ... ... 762.KT952.JT53.3 Contract=3NS Player=0 Played=['DJ', 'D9', 'DK', 'D7', 'D8', 'D6'] Constraints=[Decl:[2, 5, 0, 3, 0, 2, 3, 7, 5, 13] Partner:[1, 4, 3, 6, 0, 2, 1, 5, 9, 17]] Depth=2 Confidence=0.0 Exploration=0.6
2026-03-06 16:09:53,690 INFO ACE-MCTS-Def Response: D5:0.8065(155) DT:0.7059(34) D3:0.4545(11) Iterations=537 Passed=200 Depth=2 Relaxation=1 Time=0.8s
